#
# A fatal error has been detected by the Java Runtime Environment:
#
#  EXCEPTION_ACCESS_VIOLATION (0xc0000005) at pc=0x1bcefc05, pid=6668, tid=2588
#
# JRE version: Java(TM) SE Runtime Environment (8.0_74-b02) (build 1.8.0_74-b02)
# Java VM: Java HotSpot(TM) Client VM (25.74-b02 mixed mode, sharing windows-x86 )
# Problematic frame:
# C  0x1bcefc05
#
# Failed to write core dump. Minidumps are not enabled by default on client versions of Windows
#
# If you would like to submit a bug report, please visit:
#   http://bugreport.java.com/bugreport/crash.jsp
# The crash happened outside the Java Virtual Machine in native code.
# See problematic frame for where to report the bug.
#

---------------  T H R E A D  ---------------

Current thread (0x1585a400):  JavaThread "JavaFX Application Thread" [_thread_in_native, id=2588, stack(0x178a0000,0x178f0000)]

siginfo: ExceptionCode=0xc0000005, reading address 0x00000034

Registers:
EAX=0x178ed410, EBX=0x00110000, ECX=0x00000034, EDX=0x00000000
ESP=0x178ed404, EBP=0x16ae8e00, ESI=0x16a4fd28, EDI=0x1ad06608
EIP=0x1bcefc05, EFLAGS=0x00010206

Top of Stack: (sp=0x178ed404)
0x178ed404:   118cee36 00000002 16a4fd28 178ed43c
0x178ed414:   1c2f46c2 ffffffff 1b98d32f 00000034
0x178ed424:   00000001 00000001 00000000 118cee0a
0x178ed434:   00000000 16a4fd28 178ed48c 1c2f0a6b
0x178ed444:   00000000 1b98d60e 178ed4a4 00000034
0x178ed454:   00000001 00000001 00000000 118cee5a
0x178ed464:   1adb2ba8 00000002 00000003 18e7a040
0x178ed474:   00000000 00000000 00000000 20656020 

Instructions: (pc=0x1bcefc05)
0x1bcefbe5:   20 00 00 00 00 c7 46 24 00 00 00 00 66 c7 46 28
0x1bcefbf5:   00 00 c7 46 2c 00 00 80 bf c7 46 30 00 00 80 bf
0x1bcefc05:   8b 01 c7 44 24 14 00 00 00 00 89 46 34 85 c0 74
0x1bcefc15:   02 ff 00 8b 41 04 89 46 38 c7 46 3c 00 00 00 00 


Register to memory mapping:

EAX=0x178ed410 is pointing into the stack for thread: 0x1585a400
EBX=0x00110000 is an unknown value
ECX=0x00000034 is an unknown value
EDX=0x00000000 is an unknown value
ESP=0x178ed404 is pointing into the stack for thread: 0x1585a400
EBP=0x16ae8e00 is an unknown value
ESI=0x16a4fd28 is an unknown value
EDI=0x1ad06608 is an unknown value


Stack: [0x178a0000,0x178f0000],  sp=0x178ed404,  free space=309k
Native frames: (J=compiled Java code, j=interpreted, Vv=VM code, C=native code)
C  0x1bcefc05

Java frames: (J=compiled Java code, j=interpreted, Vv=VM code)
j  com.sun.webkit.network.URLLoader.twkDidReceiveData(Ljava/nio/ByteBuffer;IIJ)V+0
j  com.sun.webkit.network.URLLoader.notifyDidReceiveData(Ljava/nio/ByteBuffer;II)V+65
j  com.sun.webkit.network.URLLoader.lambda$didReceiveData$95(Ljava/nio/ByteBuffer;Lcom/sun/webkit/network/ByteBufferAllocator;)V+17
j  com.sun.webkit.network.URLLoader$$Lambda$176.run()V+12
j  com.sun.javafx.application.PlatformImpl.lambda$null$173(Ljava/lang/Runnable;)Ljava/lang/Void;+1
j  com.sun.javafx.application.PlatformImpl$$Lambda$67.run()Ljava/lang/Object;+4
v  ~StubRoutines::call_stub
J 1277  java.security.AccessController.doPrivileged(Ljava/security/PrivilegedAction;Ljava/security/AccessControlContext;)Ljava/lang/Object; (0 bytes) @ 0x0190a947 [0x0190a8e0+0x67]
j  com.sun.javafx.application.PlatformImpl.lambda$runLater$174(Ljava/lang/Runnable;Ljava/security/AccessControlContext;)V+7
j  com.sun.javafx.application.PlatformImpl$$Lambda$66.run()V+8
j  com.sun.glass.ui.InvokeLaterDispatcher$Future.run()V+4
v  ~StubRoutines::call_stub
j  com.sun.glass.ui.win.WinApplication._runLoop(Ljava/lang/Runnable;)V+0
j  com.sun.glass.ui.win.WinApplication.lambda$null$148(ILjava/lang/Runnable;)V+8
j  com.sun.glass.ui.win.WinApplication$$Lambda$56.run()V+12
j  java.lang.Thread.run()V+11
v  ~StubRoutines::call_stub

---------------  P R O C E S S  ---------------

Java Threads: ( => current thread )
  0x1fa77400 JavaThread "shutdown-hook-1" [_thread_blocked, id=3792, stack(0x22da0000,0x22df0000)]
  0x15b09000 JavaThread "URL-Loader-5" daemon [_thread_blocked, id=7400, stack(0x1ebc0000,0x1ec10000)]
  0x15b09800 JavaThread "URL-Loader-4" daemon [_thread_blocked, id=7764, stack(0x1eb70000,0x1ebc0000)]
  0x15b08800 JavaThread "notificator-[UNICAM Front 0]" daemon [_thread_blocked, id=7708, stack(0x1ea80000,0x1ead0000)]
  0x15b09c00 JavaThread "URL-Loader-3" daemon [_thread_blocked, id=6180, stack(0x19130000,0x19180000)]
  0x15b08400 JavaThread "webcam-panel-scheduled-executor-1" daemon [_thread_blocked, id=6744, stack(0x22540000,0x22590000)]
  0x15b07c00 JavaThread "frames-refresher-[0]" daemon [_thread_blocked, id=6508, stack(0x22370000,0x223c0000)]
  0x15b0a400 JavaThread "Prism Font Disposer" daemon [_thread_blocked, id=1096, stack(0x1edb0000,0x1ee00000)]
  0x15b0a800 JavaThread "URL-Loader-2" daemon [_thread_in_native, id=7440, stack(0x1ece0000,0x1ed30000)]
  0x15b07800 JavaThread "Watchdog-Timer-1" daemon [_thread_blocked, id=7248, stack(0x1ec90000,0x1ece0000)]
  0x15b07000 JavaThread "Keep-Alive-Timer" daemon [_thread_blocked, id=7920, stack(0x1e6e0000,0x1e730000)]
  0x15859800 JavaThread "URL-Loader-1" daemon [_thread_blocked, id=7768, stack(0x1e260000,0x1e2b0000)]
  0x1585c400 JavaThread "Disposer" daemon [_thread_blocked, id=3768, stack(0x1e110000,0x1e160000)]
  0x15859000 JavaThread "webcam-lock-[UNICAM Front 0]" daemon [_thread_blocked, id=2520, stack(0x191d0000,0x19220000)]
  0x1585b800 JavaThread "Thread-8" daemon [_thread_in_native, id=5748, stack(0x190e0000,0x19130000)]
=>0x1585a400 JavaThread "JavaFX Application Thread" [_thread_in_native, id=2588, stack(0x178a0000,0x178f0000)]
  0x1585b000 JavaThread "Thread-7" daemon [_thread_blocked, id=7928, stack(0x17850000,0x178a0000)]
  0x1583e800 JavaThread "Image Fetcher 1" daemon [_thread_blocked, id=5616, stack(0x15b50000,0x15ba0000)]
  0x15868800 JavaThread "Image Fetcher 0" daemon [_thread_blocked, id=7092, stack(0x15360000,0x153b0000)]
  0x14e29400 JavaThread "webcam-discovery-service" daemon [_thread_blocked, id=7488, stack(0x150f0000,0x15140000)]
  0x14e2d000 JavaThread "atomic-processor-1" daemon [_thread_in_native, id=2616, stack(0x15140000,0x15190000)]
  0x14d6d000 JavaThread "Main" [_thread_in_native, id=6048, stack(0x150a0000,0x150f0000)]
  0x0038c000 JavaThread "DestroyJavaVM" [_thread_blocked, id=2072, stack(0x00570000,0x005c0000)]
  0x14c7b000 JavaThread "AWT-EventQueue-0" [_thread_blocked, id=3772, stack(0x14ea0000,0x14ef0000)]
  0x14c73c00 JavaThread "AWT-Shutdown" [_thread_blocked, id=7704, stack(0x145a0000,0x145f0000)]
  0x14c73000 JavaThread "Java2D Disposer" daemon [_thread_blocked, id=2940, stack(0x14550000,0x145a0000)]
  0x01606400 JavaThread "Service Thread" daemon [_thread_blocked, id=5808, stack(0x144b0000,0x14500000)]
  0x015de400 JavaThread "C1 CompilerThread0" daemon [_thread_blocked, id=4916, stack(0x14460000,0x144b0000)]
  0x015dd800 JavaThread "Attach Listener" daemon [_thread_blocked, id=316, stack(0x14410000,0x14460000)]
  0x015dbc00 JavaThread "Signal Dispatcher" daemon [_thread_blocked, id=2732, stack(0x13990000,0x139e0000)]
  0x015d3400 JavaThread "Finalizer" daemon [_thread_blocked, id=584, stack(0x13860000,0x138b0000)]
  0x01576400 JavaThread "Reference Handler" daemon [_thread_blocked, id=8128, stack(0x037b0000,0x03800000)]

Other Threads:
  0x01572800 VMThread [stack: 0x008b0000,0x00900000] [id=7068]
  0x0160bc00 WatcherThread [stack: 0x14500000,0x14550000] [id=6716]

VM state:not at safepoint (normal execution)

VM Mutex/Monitor currently owned by a thread: None

Heap:
 def new generation   total 20160K, used 10133K [0x03800000, 0x04de0000, 0x08d50000)
  eden space 17920K,  46% used [0x03800000, 0x0400e988, 0x04980000)
  from space 2240K,  84% used [0x04980000, 0x04b56db0, 0x04bb0000)
  to   space 2240K,   0% used [0x04bb0000, 0x04bb0000, 0x04de0000)
 tenured generation   total 44740K, used 34614K [0x08d50000, 0x0b901000, 0x13800000)
   the space 44740K,  77% used [0x08d50000, 0x0af1d8b8, 0x0af1da00, 0x0b901000)
 Metaspace       used 9108K, capacity 9671K, committed 9728K, reserved 10624K

Card table byte_map: [0x03720000,0x037b0000] byte_map_base: 0x03704000

Polling page: 0x00760000

CodeCache: size=32768Kb used=2600Kb max_used=2600Kb free=30167Kb
 bounds [0x016a0000, 0x01930000, 0x036a0000]
 total_blobs=1783 nmethods=1335 adapters=378
 compilation: enabled

Compilation events (10 events):
Event: 10.959 Thread 0x015de400 1351             sun.security.util.ObjectIdentifier::pack7Oid (42 bytes)
Event: 10.960 Thread 0x015de400 nmethod 1351 0x01926708 code [0x01926810, 0x0192695c]
Event: 11.004 Thread 0x015de400 1353             com.sun.crypto.provider.AESCrypt::makeSessionKey (790 bytes)
Event: 11.009 Thread 0x015de400 nmethod 1353 0x01926c88 code [0x01926f00, 0x01927d9c]
Event: 11.012 Thread 0x015de400 1354             com.sun.crypto.provider.AESCrypt::expandToSubKey (139 bytes)
Event: 11.013 Thread 0x015de400 nmethod 1354 0x01929808 code [0x01929920, 0x01929b90]
Event: 11.115 Thread 0x015de400 1355             java.nio.ByteBuffer::hasArray (20 bytes)
Event: 11.116 Thread 0x015de400 nmethod 1355 0x01929e88 code [0x01929f80, 0x0192a030]
Event: 11.157 Thread 0x015de400 1356             java.nio.ByteBuffer::array (35 bytes)
Event: 11.157 Thread 0x015de400 nmethod 1356 0x0192a088 code [0x0192a1a0, 0x0192a2e8]

GC Heap History (10 events):
Event: 7.756 GC heap before
{Heap before GC invocations=34 (full 3):
 def new generation   total 20160K, used 18224K [0x03800000, 0x04de0000, 0x08d50000)
  eden space 17920K,  99% used [0x03800000, 0x049614a0, 0x04980000)
  from space 2240K,  19% used [0x04bb0000, 0x04c1acb8, 0x04de0000)
  to   space 2240K,   0% used [0x04980000, 0x04980000, 0x04bb0000)
 tenured generation   total 44740K, used 27755K [0x08d50000, 0x0b901000, 0x13800000)
   the space 44740K,  62% used [0x08d50000, 0x0a86afd8, 0x0a86b000, 0x0b901000)
 Metaspace       used 7185K, capacity 8051K, committed 8064K, reserved 8576K
Event: 7.760 GC heap after
Heap after GC invocations=35 (full 3):
 def new generation   total 20160K, used 426K [0x03800000, 0x04de0000, 0x08d50000)
  eden space 17920K,   0% used [0x03800000, 0x03800000, 0x04980000)
  from space 2240K,  19% used [0x04980000, 0x049ea910, 0x04bb0000)
  to   space 2240K,   0% used [0x04bb0000, 0x04bb0000, 0x04de0000)
 tenured generation   total 44740K, used 27755K [0x08d50000, 0x0b901000, 0x13800000)
   the space 44740K,  62% used [0x08d50000, 0x0a86afd8, 0x0a86b000, 0x0b901000)
 Metaspace       used 7185K, capacity 8051K, committed 8064K, reserved 8576K
}
Event: 7.792 GC heap before
{Heap before GC invocations=35 (full 3):
 def new generation   total 20160K, used 18180K [0x03800000, 0x04de0000, 0x08d50000)
  eden space 17920K,  99% used [0x03800000, 0x04956728, 0x04980000)
  from space 2240K,  19% used [0x04980000, 0x049ea910, 0x04bb0000)
  to   space 2240K,   0% used [0x04bb0000, 0x04bb0000, 0x04de0000)
 tenured generation   total 44740K, used 27755K [0x08d50000, 0x0b901000, 0x13800000)
   the space 44740K,  62% used [0x08d50000, 0x0a86afd8, 0x0a86b000, 0x0b901000)
 Metaspace       used 7185K, capacity 8051K, committed 8064K, reserved 8576K
Event: 7.798 GC heap after
Heap after GC invocations=36 (full 3):
 def new generation   total 20160K, used 255K [0x03800000, 0x04de0000, 0x08d50000)
  eden space 17920K,   0% used [0x03800000, 0x03800000, 0x04980000)
  from space 2240K,  11% used [0x04bb0000, 0x04befc90, 0x04de0000)
  to   space 2240K,   0% used [0x04980000, 0x04980000, 0x04bb0000)
 tenured generation   total 44740K, used 27755K [0x08d50000, 0x0b901000, 0x13800000)
   the space 44740K,  62% used [0x08d50000, 0x0a86afd8, 0x0a86b000, 0x0b901000)
 Metaspace       used 7185K, capacity 8051K, committed 8064K, reserved 8576K
}
Event: 7.860 GC heap before
{Heap before GC invocations=36 (full 3):
 def new generation   total 20160K, used 18175K [0x03800000, 0x04de0000, 0x08d50000)
  eden space 17920K, 100% used [0x03800000, 0x04980000, 0x04980000)
  from space 2240K,  11% used [0x04bb0000, 0x04befc90, 0x04de0000)
  to   space 2240K,   0% used [0x04980000, 0x04980000, 0x04bb0000)
 tenured generation   total 44740K, used 27755K [0x08d50000, 0x0b901000, 0x13800000)
   the space 44740K,  62% used [0x08d50000, 0x0a86afd8, 0x0a86b000, 0x0b901000)
 Metaspace       used 7196K, capacity 8051K, committed 8064K, reserved 8576K
Event: 7.864 GC heap after
Heap after GC invocations=37 (full 3):
 def new generation   total 20160K, used 288K [0x03800000, 0x04de0000, 0x08d50000)
  eden space 17920K,   0% used [0x03800000, 0x03800000, 0x04980000)
  from space 2240K,  12% used [0x04980000, 0x049c81c0, 0x04bb0000)
  to   space 2240K,   0% used [0x04bb0000, 0x04bb0000, 0x04de0000)
 tenured generation   total 44740K, used 27755K [0x08d50000, 0x0b901000, 0x13800000)
   the space 44740K,  62% used [0x08d50000, 0x0a86afd8, 0x0a86b000, 0x0b901000)
 Metaspace       used 7196K, capacity 8051K, committed 8064K, reserved 8576K
}
Event: 8.778 GC heap before
{Heap before GC invocations=37 (full 3):
 def new generation   total 20160K, used 18208K [0x03800000, 0x04de0000, 0x08d50000)
  eden space 17920K, 100% used [0x03800000, 0x04980000, 0x04980000)
  from space 2240K,  12% used [0x04980000, 0x049c8260, 0x04bb0000)
  to   space 2240K,   0% used [0x04bb0000, 0x04bb0000, 0x04de0000)
 tenured generation   total 44740K, used 27755K [0x08d50000, 0x0b901000, 0x13800000)
   the space 44740K,  62% used [0x08d50000, 0x0a86afd8, 0x0a86b000, 0x0b901000)
 Metaspace       used 8251K, capacity 8779K, committed 8832K, reserved 9600K
Event: 8.800 GC heap after
Heap after GC invocations=38 (full 3):
 def new generation   total 20160K, used 2211K [0x03800000, 0x04de0000, 0x08d50000)
  eden space 17920K,   0% used [0x03800000, 0x03800000, 0x04980000)
  from space 2240K,  98% used [0x04bb0000, 0x04dd8ce0, 0x04de0000)
  to   space 2240K,   0% used [0x04980000, 0x04980000, 0x04bb0000)
 tenured generation   total 44740K, used 27755K [0x08d50000, 0x0b901000, 0x13800000)
   the space 44740K,  62% used [0x08d50000, 0x0a86afd8, 0x0a86b000, 0x0b901000)
 Metaspace       used 8251K, capacity 8779K, committed 8832K, reserved 9600K
}
Event: 10.617 GC heap before
{Heap before GC invocations=38 (full 3):
 def new generation   total 20160K, used 19510K [0x03800000, 0x04de0000, 0x08d50000)
  eden space 17920K,  96% used [0x03800000, 0x048e4b20, 0x04980000)
  from space 2240K,  98% used [0x04bb0000, 0x04dd8ce0, 0x04de0000)
  to   space 2240K,   0% used [0x04980000, 0x04980000, 0x04bb0000)
 tenured generation   total 44740K, used 28727K [0x08d50000, 0x0b901000, 0x13800000)
   the space 44740K,  64% used [0x08d50000, 0x0a95dfe8, 0x0a95e000, 0x0b901000)
 Metaspace       used 8926K, capacity 9464K, committed 9472K, reserved 9600K
Event: 10.643 GC heap after
Heap after GC invocations=39 (full 3):
 def new generation   total 20160K, used 1883K [0x03800000, 0x04de0000, 0x08d50000)
  eden space 17920K,   0% used [0x03800000, 0x03800000, 0x04980000)
  from space 2240K,  84% used [0x04980000, 0x04b56db0, 0x04bb0000)
  to   space 2240K,   0% used [0x04bb0000, 0x04bb0000, 0x04de0000)
 tenured generation   total 44740K, used 34614K [0x08d50000, 0x0b901000, 0x13800000)
   the space 44740K,  77% used [0x08d50000, 0x0af1d8b8, 0x0af1da00, 0x0b901000)
 Metaspace       used 8926K, capacity 9464K, committed 9472K, reserved 9600K
}

Deoptimization events (0 events):
No events

Internal exceptions (10 events):
Event: 3.388 Thread 0x14e2d000 Exception <a 'java/lang/NoSuchMethodError': getName> (0x044e7208) thrown at [C:\re\workspace\8-2-build-windows-i586-cygwin\jdk8u74\6087\hotspot\src\share\vm\prims\jni.cpp, line 1591]
Event: 3.388 Thread 0x14e2d000 Exception <a 'java/lang/NoSuchMethodError': getIdentifier> (0x044e7450) thrown at [C:\re\workspace\8-2-build-windows-i586-cygwin\jdk8u74\6087\hotspot\src\share\vm\prims\jni.cpp, line 1591]
Event: 5.540 Thread 0x14d2d000 Exception <a 'java/lang/NullPointerException'> (0x043b6718) thrown at [C:\re\workspace\8-2-build-windows-i586-cygwin\jdk8u74\6087\hotspot\src\share\vm\interpreter\linkResolver.cpp, line 1178]
Event: 5.675 Thread 0x1585a400 Exception <a 'java/lang/NullPointerException'> (0x04694280) thrown at [C:\re\workspace\8-2-build-windows-i586-cygwin\jdk8u74\6087\hotspot\src\share\vm\interpreter\linkResolver.cpp, line 1178]
Event: 5.675 Thread 0x1585a400 Exception <a 'java/lang/NullPointerException'> (0x04694280) thrown at [C:\re\workspace\8-2-build-windows-i586-cygwin\jdk8u74\6087\hotspot\src\share\vm\prims\jvm.cpp, line 1390]
Event: 6.830 Thread 0x1585a400 Exception <a 'sun/nio/fs/WindowsException'> (0x03b30108) thrown at [C:\re\workspace\8-2-build-windows-i586-cygwin\jdk8u74\6087\hotspot\src\share\vm\prims\jni.cpp, line 709]
Event: 6.836 Thread 0x1585a400 Exception <a 'sun/nio/fs/WindowsException'> (0x03b31800) thrown at [C:\re\workspace\8-2-build-windows-i586-cygwin\jdk8u74\6087\hotspot\src\share\vm\prims\jni.cpp, line 709]
Event: 8.015 Thread 0x15859800 Implicit null exception at 0x0188c28c to 0x0188d0e0
Event: 10.773 Thread 0x1585a400 Implicit null exception at 0x01921bf2 to 0x01921e81
Event: 10.924 Thread 0x1fa78c00 Exception <a 'java/lang/IllegalStateException'> (0x03e1a2a0) thrown at [C:\re\workspace\8-2-build-windows-i586-cygwin\jdk8u74\6087\hotspot\src\share\vm\prims\jvm.cpp, line 1390]

Events (10 events):
Event: 10.996 Thread 0x15859c00 Thread exited: 0x15859c00
Event: 11.005 Thread 0x1fa75000 Thread added: 0x1fa75000
Event: 11.019 Executing VM operation: RevokeBias
Event: 11.019 Executing VM operation: RevokeBias done
Event: 11.019 Thread 0x1fa75000 Thread exited: 0x1fa75000
Event: 11.114 Thread 0x1fa72800 Thread added: 0x1fa72800
Event: 11.124 Executing VM operation: RevokeBias
Event: 11.125 Executing VM operation: RevokeBias done
Event: 11.125 Thread 0x1fa72800 Thread exited: 0x1fa72800
Event: 11.136 Thread 0x1585a800 Thread exited: 0x1585a800


Dynamic libraries:
0x00900000 - 0x00933000 	C:\Program Files\Java\jre1.8.0_74\bin\javaw.exe
0x77c80000 - 0x77dfa000 	C:\WINDOWS\SYSTEM32\ntdll.dll
0x77110000 - 0x771a5000 	C:\WINDOWS\system32\KERNEL32.DLL
0x755a0000 - 0x75717000 	C:\WINDOWS\system32\KERNELBASE.dll
0x6d130000 - 0x6d35d000 	C:\Program Files\Norton Security\NortonData\22.5.4.24\Definitions\IPSDefs\20160423.001\IPSEng32.dll
0x771b0000 - 0x7722b000 	C:\WINDOWS\system32\ADVAPI32.dll
0x77300000 - 0x773be000 	C:\WINDOWS\system32\msvcrt.dll
0x77c30000 - 0x77c73000 	C:\WINDOWS\system32\sechost.dll
0x778b0000 - 0x77972000 	C:\WINDOWS\system32\RPCRT4.dll
0x773c0000 - 0x774f4000 	C:\WINDOWS\system32\USER32.dll
0x76da0000 - 0x76ef5000 	C:\WINDOWS\system32\GDI32.dll
0x6ab60000 - 0x6ad69000 	C:\WINDOWS\WinSxS\x86_microsoft.windows.common-controls_6595b64144ccf1df_6.0.10240.16384_none_3bccb1ff6bcd1849\COMCTL32.dll
0x75720000 - 0x7574f000 	C:\WINDOWS\system32\IMM32.DLL
0x75750000 - 0x75870000 	C:\WINDOWS\system32\MSCTF.dll
0x556d0000 - 0x5578f000 	C:\Program Files\Java\jre1.8.0_74\bin\msvcr100.dll
0x6ca90000 - 0x6ce58000 	C:\Program Files\Java\jre1.8.0_74\bin\client\jvm.dll
0x77250000 - 0x77256000 	C:\WINDOWS\system32\PSAPI.DLL
0x69620000 - 0x69628000 	C:\WINDOWS\SYSTEM32\WSOCK32.dll
0x76d40000 - 0x76d9c000 	C:\WINDOWS\system32\WS2_32.dll
0x758d0000 - 0x758d7000 	C:\WINDOWS\system32\NSI.dll
0x737a0000 - 0x737c4000 	C:\WINDOWS\SYSTEM32\WINMM.dll
0x6ab50000 - 0x6ab58000 	C:\WINDOWS\SYSTEM32\VERSION.dll
0x73590000 - 0x735b3000 	C:\WINDOWS\SYSTEM32\WINMMBASE.dll
0x75560000 - 0x75596000 	C:\WINDOWS\system32\cfgmgr32.dll
0x73a80000 - 0x73aa1000 	C:\WINDOWS\SYSTEM32\DEVOBJ.dll
0x73890000 - 0x7389c000 	C:\Program Files\Java\jre1.8.0_74\bin\verify.dll
0x67d30000 - 0x67d51000 	C:\Program Files\Java\jre1.8.0_74\bin\java.dll
0x6fa40000 - 0x6fa53000 	C:\Program Files\Java\jre1.8.0_74\bin\zip.dll
0x75940000 - 0x76d37000 	C:\WINDOWS\system32\SHELL32.dll
0x74e60000 - 0x7533c000 	C:\WINDOWS\system32\windows.storage.dll
0x77a70000 - 0x77c2a000 	C:\WINDOWS\system32\combase.dll
0x77620000 - 0x77664000 	C:\WINDOWS\system32\shlwapi.dll
0x74de0000 - 0x74dec000 	C:\WINDOWS\system32\kernel.appcore.dll
0x77260000 - 0x772ed000 	C:\WINDOWS\system32\shcore.dll
0x74d90000 - 0x74dd4000 	C:\WINDOWS\system32\powrprof.dll
0x74df0000 - 0x74dff000 	C:\WINDOWS\system32\profapi.dll
0x76f00000 - 0x76f92000 	C:\WINDOWS\system32\OLEAUT32.dll
0x522b0000 - 0x523f5000 	C:\Program Files\Java\jre1.8.0_74\bin\awt.dll
0x73930000 - 0x739c1000 	C:\WINDOWS\system32\apphelp.dll
0x73ab0000 - 0x73b29000 	C:\WINDOWS\system32\uxtheme.dll
0x731a0000 - 0x731bd000 	C:\WINDOWS\system32\dwmapi.dll
0x77980000 - 0x77a6a000 	C:\WINDOWS\system32\ole32.dll
0x74bc0000 - 0x74c19000 	C:\WINDOWS\SYSTEM32\bcryptPrimitives.dll
0x74760000 - 0x74773000 	C:\WINDOWS\SYSTEM32\CRYPTSP.dll
0x74cf0000 - 0x74d0d000 	C:\WINDOWS\SYSTEM32\bcrypt.dll
0x74440000 - 0x7446f000 	C:\WINDOWS\system32\rsaenh.dll
0x74510000 - 0x74529000 	C:\WINDOWS\SYSTEM32\USERENV.dll
0x74870000 - 0x7487a000 	C:\WINDOWS\SYSTEM32\CRYPTBASE.dll
0x66740000 - 0x66756000 	C:\Program Files\Java\jre1.8.0_74\bin\net.dll
0x74710000 - 0x74760000 	C:\WINDOWS\system32\mswsock.dll
0x718e0000 - 0x71910000 	C:\WINDOWS\SYSTEM32\IPHLPAPI.DLL
0x718d0000 - 0x718d8000 	C:\WINDOWS\SYSTEM32\WINNSI.DLL
0x706c0000 - 0x706d3000 	C:\WINDOWS\SYSTEM32\dhcpcsvc6.DLL
0x708f0000 - 0x70904000 	C:\WINDOWS\SYSTEM32\dhcpcsvc.DLL
0x68f40000 - 0x68f4f000 	C:\Program Files\Java\jre1.8.0_74\bin\nio.dll
0x5a6f0000 - 0x5a729000 	C:\Program Files\Java\jre1.8.0_74\bin\fontmanager.dll
0x5a690000 - 0x5a6b8000 	C:\Users\Cameron\AppData\Local\Temp\BridJExtractedLibraries4945381965600798656\bridj.dll
0x55e50000 - 0x55e7e000 	C:\Users\Cameron\AppData\Local\Temp\BridJExtractedLibraries4945381965600798656\OpenIMAJGrabber.dll
0x5a6d0000 - 0x5a6e9000 	C:\WINDOWS\SYSTEM32\OLEPRO32.DLL
0x77820000 - 0x778a2000 	C:\WINDOWS\system32\clbcatq.dll
0x55e30000 - 0x55e45000 	C:\Windows\System32\devenum.dll
0x77670000 - 0x77815000 	C:\WINDOWS\system32\setupapi.dll
0x74300000 - 0x74328000 	C:\WINDOWS\SYSTEM32\ntmarta.dll
0x74e10000 - 0x74e52000 	C:\WINDOWS\system32\WINTRUST.dll
0x74e00000 - 0x74e0e000 	C:\WINDOWS\system32\MSASN1.dll
0x75340000 - 0x754b5000 	C:\WINDOWS\system32\CRYPT32.dll
0x61190000 - 0x61199000 	C:\WINDOWS\SYSTEM32\msdmo.dll
0x55b10000 - 0x55b40000 	C:\Program Files\Java\jre1.8.0_74\bin\t2k.dll
0x55360000 - 0x553f2000 	C:\WINDOWS\WinSxS\x86_microsoft.windows.common-controls_6595b64144ccf1df_5.82.10240.16384_none_49c02355cf03478c\comctl32.dll
0x731e0000 - 0x73322000 	C:\WINDOWS\SYSTEM32\PROPSYS.dll
0x65650000 - 0x65857000 	C:\Windows\System32\ActXPrxy.dll
0x15d50000 - 0x15eef000 	C:\WINDOWS\system32\NetworkExplorer.dll
0x68dc0000 - 0x68ddf000 	C:\WINDOWS\System32\IDStore.dll
0x733f0000 - 0x73403000 	C:\WINDOWS\System32\SAMLIB.dll
0x5a7c0000 - 0x5a834000 	C:\WINDOWS\System32\wlidprov.dll
0x74220000 - 0x74237000 	C:\WINDOWS\SYSTEM32\MPR.dll
0x67d80000 - 0x67d89000 	C:\WINDOWS\System32\drprov.dll
0x74c20000 - 0x74c64000 	C:\WINDOWS\System32\WINSTA.dll
0x67d60000 - 0x67d72000 	C:\WINDOWS\System32\ntlanman.dll
0x53710000 - 0x5372a000 	C:\WINDOWS\System32\davclnt.dll
0x632b0000 - 0x632bb000 	C:\WINDOWS\System32\DAVHLPR.dll
0x719d0000 - 0x719e0000 	C:\WINDOWS\System32\wkscli.dll
0x6b570000 - 0x6b57f000 	C:\WINDOWS\SYSTEM32\cscapi.dll
0x74210000 - 0x7421a000 	C:\WINDOWS\System32\netutils.dll
0x6b1a0000 - 0x6b30b000 	C:\WINDOWS\WinSxS\x86_microsoft.windows.gdiplus_6595b64144ccf1df_1.1.10240.16603_none_d15a3826af6dca5f\gdiplus.dll
0x67c90000 - 0x67d15000 	C:\Program Files\Norton Security\Engine\22.6.0.142\MSVCP110.dll
0x67bb0000 - 0x67c86000 	C:\Program Files\Norton Security\Engine\22.6.0.142\MSVCR110.dll
0x67a20000 - 0x67ace000 	C:\Program Files\Norton Security\Engine\22.6.0.142\ccLib.dll
0x6b500000 - 0x6b519000 	C:\Program Files\Norton Security\Engine\22.6.0.142\ccVrTrst.dll
0x6b4e0000 - 0x6b4fa000 	C:\Program Files\Norton Security\Engine\22.6.0.142\EFACli.dll
0x66660000 - 0x6668c000 	C:\Program Files\Norton Security\Engine\22.6.0.142\ccIPC.dll
0x52470000 - 0x524df000 	C:\Windows\System32\dlnashext.dll
0x55880000 - 0x558d5000 	C:\Windows\System32\PlayToDevice.dll
0x61350000 - 0x6136a000 	C:\Windows\System32\DevDispItemProvider.dll
0x70f10000 - 0x70f64000 	C:\WINDOWS\System32\MMDevApi.dll
0x71620000 - 0x716a3000 	C:\Windows\System32\PortableDeviceApi.dll
0x6fcd0000 - 0x6fcf7000 	C:\Windows\System32\PortableDeviceTypes.dll
0x55540000 - 0x55560000 	C:\Windows\System32\EhStorAPI.dll
0x73330000 - 0x7333f000 	C:\Windows\System32\WTSAPI32.dll
0x5a5d0000 - 0x5a5db000 	C:\WINDOWS\SYSTEM32\LINKINFO.dll
0x73b50000 - 0x73c0c000 	C:\Windows\System32\twinapi.appcore.dll
0x16b40000 - 0x16c2e000 	C:\Program Files\Java\jre1.8.0_74\bin\msvcr120.dll
0x554c0000 - 0x55531000 	C:\Program Files\Java\jre1.8.0_74\bin\msvcp120.dll
0x554a0000 - 0x554bf000 	C:\Program Files\Java\jre1.8.0_74\bin\prism_d3d.dll
0x16c80000 - 0x16e4c000 	C:\WINDOWS\system32\d3d9.dll
0x52270000 - 0x522a3000 	C:\Program Files\Java\jre1.8.0_74\bin\glass.dll
0x77500000 - 0x775be000 	C:\WINDOWS\system32\COMDLG32.dll
0x52230000 - 0x5226a000 	C:\Windows\System32\qcap.dll
0x51b10000 - 0x51b33000 	C:\Windows\System32\MSVFW32.dll
0x34ba0000 - 0x34d4c000 	C:\Windows\System32\quartz.dll
0x77e30000 - 0x77e6d000 	C:\Windows\System32\ksproxy.ax
0x70bc0000 - 0x70bc7000 	C:\Windows\System32\ksuser.dll
0x71b00000 - 0x71b2f000 	C:\WINDOWS\SYSTEM32\policymanager.dll
0x71920000 - 0x71985000 	C:\Windows\System32\msvcp110_win.dll
0x71990000 - 0x719bd000 	C:\Windows\System32\XmlLite.dll
0x610b0000 - 0x610bc000 	C:\Windows\System32\vidcap.ax
0x55480000 - 0x554a0000 	C:\Windows\System32\kswdmcap.ax
0x19370000 - 0x1949f000 	C:\Windows\System32\MFC42.dll
0x194a0000 - 0x19539000 	C:\Windows\System32\ODBC32.dll
0x74470000 - 0x74478000 	C:\Windows\System32\DPAPI.dll
0x19550000 - 0x19a40000 	C:\WINDOWS\system32\IntelCameraPlugin.dll
0x6b9c0000 - 0x6baa1000 	C:\WINDOWS\system32\MFPlat.DLL
0x6b990000 - 0x6b9b4000 	C:\WINDOWS\system32\RTWorkQ.DLL
0x70bd0000 - 0x70bd9000 	C:\WINDOWS\system32\AVRT.dll
0x19a50000 - 0x1a437000 	C:\WINDOWS\SYSTEM32\pvl.dll
0x1b490000 - 0x1b521000 	C:\Windows\System32\qedit.dll
0x60820000 - 0x6090b000 	C:\Windows\System32\DDRAW.dll
0x66630000 - 0x66637000 	C:\Windows\System32\DCIMAN32.dll

VM Arguments:
jvm_args: -Dfile.encoding=Cp1252 
java_command: tk.atherismotorsports.Start
java_class_path (initial): C:\Users\Cameron\OneDrive\workspace\Atheris Interface\bin;C:\Users\Cameron\OneDrive\workspace\Atheris Interface\res;C:\Users\Cameron\OneDrive\workspace\Atheris Interface\lib\jl1.0.1.jar;C:\Users\Cameron\OneDrive\workspace\Atheris Interface\lib\mp3agic.jar;C:\Users\Cameron\OneDrive\workspace\Atheris Interface\lib\license.jar;C:\Users\Cameron\OneDrive\workspace\Atheris Interface\lib\webcam-capture-0.3.10.jar;C:\Users\Cameron\OneDrive\workspace\Atheris Interface\lib\bridj-0.6.2.jar;C:\Users\Cameron\OneDrive\workspace\Atheris Interface\lib\slf4j-api-1.7.2.jar;C:\Users\Cameron\OneDrive\workspace\Atheris Interface\lib\jxbrowser-6.3.jar;C:\Users\Cameron\OneDrive\workspace\Atheris Interface\lib\jxbrowser-win-6.3.jar
Launcher Type: SUN_STANDARD

Environment Variables:
JAVA_HOME=C:\Program Files\Java\jdk1.8.0_66
PATH=C:/Program Files/Java/jre1.8.0_74/bin/client;C:/Program Files/Java/jre1.8.0_74/bin;C:/Program Files/Java/jre1.8.0_74/lib/i386;C:\ProgramData\Oracle\Java\javapath;C:\WINDOWS\system32;C:\WINDOWS;C:\WINDOWS\System32\Wbem;C:\WINDOWS\System32\WindowsPowerShell\v1.0\;C:\Program Files\Skype\Phone\;C:\ProgramData\Oracle\Java\javapath;C:\WINDOWS\system32;C:\WINDOWS;C:\WINDOWS\System32\Wbem;C:\WINDOWS\System32\WindowsPowerShell\v1.0\;C:\Users\Cameron\OneDrive\eclipse;
USERNAME=Cameron
OS=Windows_NT
PROCESSOR_IDENTIFIER=x86 Family 6 Model 55 Stepping 8, GenuineIntel



---------------  S Y S T E M  ---------------

OS: Windows 10.0 Build 10240 (10.0.10240.16384)

CPU:total 4 (4 cores per cpu, 1 threads per core) family 6 model 55 stepping 8, cmov, cx8, fxsr, mmx, sse, sse2, sse3, ssse3, sse4.1, sse4.2, popcnt, aes, clmul, erms, 3dnowpref, tsc, tscinvbit

Memory: 4k page, physical 2030020k(367864k free), swap 2881988k(717540k free)

vm_info: Java HotSpot(TM) Client VM (25.74-b02) for windows-x86 JRE (1.8.0_74-b02), built on Jan 29 2016 17:47:57 by "java_re" with MS VC++ 10.0 (VS2010)

time: Mon Apr 25 14:15:28 2016
elapsed time: 11 seconds (0d 0h 0m 11s)

