#
# A fatal error has been detected by the Java Runtime Environment:
#
#  EXCEPTION_ACCESS_VIOLATION (0xc0000005) at pc=0x1b81fc05, pid=7032, tid=5672
#
# JRE version: Java(TM) SE Runtime Environment (8.0_74-b02) (build 1.8.0_74-b02)
# Java VM: Java HotSpot(TM) Client VM (25.74-b02 mixed mode windows-x86 )
# Problematic frame:
# C  [jfxwebkit.dll+0x7bfc05]
#
# Failed to write core dump. Minidumps are not enabled by default on client versions of Windows
#
# If you would like to submit a bug report, please visit:
#   http://bugreport.java.com/bugreport/crash.jsp
# The crash happened outside the Java Virtual Machine in native code.
# See problematic frame for where to report the bug.
#

---------------  T H R E A D  ---------------

Current thread (0x15214400):  JavaThread "JavaFX Application Thread" [_thread_in_native, id=5672, stack(0x180e0000,0x18130000)]

siginfo: ExceptionCode=0xc0000005, reading address 0x00000034

Registers:
EAX=0x1812cf90, EBX=0x00110000, ECX=0x00000034, EDX=0x00000000
ESP=0x1812cf84, EBP=0x20f90c38, ESI=0x171bb480, EDI=0x1d76e550
EIP=0x1b81fc05, EFLAGS=0x00010202

Top of Stack: (sp=0x1812cf84)
0x1812cf84:   030c1aa2 00000002 171bb480 1812cfbc
0x1812cf94:   1be246c2 ffffffff 1b4bd32f 00000034
0x1812cfa4:   00000001 00000001 00000000 030c1a9e
0x1812cfb4:   00000000 171bb480 1812d00c 1be20a6b
0x1812cfc4:   00000000 1b4bd60e 1812d024 00000034
0x1812cfd4:   00000001 00000001 00000000 030c1ace
0x1812cfe4:   20bce498 00000002 00000003 1719f120
0x1812cff4:   00000000 00000000 00000000 19627538 

Instructions: (pc=0x1b81fc05)
0x1b81fbe5:   20 00 00 00 00 c7 46 24 00 00 00 00 66 c7 46 28
0x1b81fbf5:   00 00 c7 46 2c 00 00 80 bf c7 46 30 00 00 80 bf
0x1b81fc05:   8b 01 c7 44 24 14 00 00 00 00 89 46 34 85 c0 74
0x1b81fc15:   02 ff 00 8b 41 04 89 46 38 c7 46 3c 00 00 00 00 


Register to memory mapping:

EAX=0x1812cf90 is pointing into the stack for thread: 0x15214400
EBX=0x00110000 is an unknown value
ECX=0x00000034 is an unknown value
EDX=0x00000000 is an unknown value
ESP=0x1812cf84 is pointing into the stack for thread: 0x15214400
EBP=0x20f90c38 is an unknown value
ESI=0x171bb480 is an unknown value
EDI=0x1d76e550 is an unknown value


Stack: [0x180e0000,0x18130000],  sp=0x1812cf84,  free space=307k
Native frames: (J=compiled Java code, j=interpreted, Vv=VM code, C=native code)
C  [jfxwebkit.dll+0x7bfc05]

Java frames: (J=compiled Java code, j=interpreted, Vv=VM code)
j  com.sun.webkit.network.URLLoader.twkDidReceiveData(Ljava/nio/ByteBuffer;IIJ)V+0
j  com.sun.webkit.network.URLLoader.notifyDidReceiveData(Ljava/nio/ByteBuffer;II)V+65
j  com.sun.webkit.network.URLLoader.lambda$didReceiveData$95(Ljava/nio/ByteBuffer;Lcom/sun/webkit/network/ByteBufferAllocator;)V+17
j  com.sun.webkit.network.URLLoader$$Lambda$176.run()V+12
j  com.sun.javafx.application.PlatformImpl.lambda$null$173(Ljava/lang/Runnable;)Ljava/lang/Void;+1
j  com.sun.javafx.application.PlatformImpl$$Lambda$67.run()Ljava/lang/Object;+4
v  ~StubRoutines::call_stub
j  java.security.AccessController.doPrivileged(Ljava/security/PrivilegedAction;Ljava/security/AccessControlContext;)Ljava/lang/Object;+0
j  com.sun.javafx.application.PlatformImpl.lambda$runLater$174(Ljava/lang/Runnable;Ljava/security/AccessControlContext;)V+7
j  com.sun.javafx.application.PlatformImpl$$Lambda$66.run()V+8
j  com.sun.glass.ui.InvokeLaterDispatcher$Future.run()V+4
v  ~StubRoutines::call_stub
j  com.sun.glass.ui.win.WinApplication._runLoop(Ljava/lang/Runnable;)V+0
j  com.sun.glass.ui.win.WinApplication.lambda$null$148(ILjava/lang/Runnable;)V+8
j  com.sun.glass.ui.win.WinApplication$$Lambda$56.run()V+12
j  java.lang.Thread.run()V+11
v  ~StubRoutines::call_stub

---------------  P R O C E S S  ---------------

Java Threads: ( => current thread )
  0x1eb64400 JavaThread "URL-Loader-5" daemon [_thread_blocked, id=2736, stack(0x169e0000,0x16a30000)]
  0x15215000 JavaThread "URL-Loader-4" daemon [_thread_blocked, id=2592, stack(0x16990000,0x169e0000)]
  0x15217000 JavaThread "URL-Loader-3" daemon [_thread_blocked, id=5052, stack(0x16600000,0x16650000)]
  0x1eb67400 JavaThread "Thread-4" daemon [_thread_in_native, id=4896, stack(0x22eb0000,0x22f00000)]
  0x1eb64800 JavaThread "Thread-13" daemon [_thread_blocked, id=7108, stack(0x22f50000,0x22fa0000)]
  0x1eb65400 JavaThread "notificator-[UNICAM Front 0]" daemon [_thread_blocked, id=5664, stack(0x22e60000,0x22eb0000)]
  0x1eb66800 JavaThread "Prism Font Disposer" daemon [_thread_blocked, id=3224, stack(0x15930000,0x15980000)]
  0x1eb63c00 JavaThread "URL-Loader-2" daemon [_thread_blocked, id=5328, stack(0x1f7f0000,0x1f840000)]
  0x1eb67000 JavaThread "Watchdog-Timer-1" daemon [_thread_blocked, id=5164, stack(0x1f7a0000,0x1f7f0000)]
  0x1eb65c00 JavaThread "Keep-Alive-Timer" daemon [_thread_blocked, id=2584, stack(0x1fd00000,0x1fd50000)]
  0x15214000 JavaThread "Image Fetcher 1" daemon [_thread_blocked, id=992, stack(0x1f480000,0x1f4d0000)]
  0x15216400 JavaThread "URL-Loader-1" daemon [_thread_blocked, id=3104, stack(0x1f280000,0x1f2d0000)]
  0x15217800 JavaThread "Disposer" daemon [_thread_blocked, id=6300, stack(0x1e930000,0x1e980000)]
  0x15216000 JavaThread "webcam-lock-[UNICAM Front 0]" daemon [_thread_blocked, id=8012, stack(0x199b0000,0x19a00000)]
  0x15216c00 JavaThread "Thread-8" daemon [_thread_in_native, id=2776, stack(0x19910000,0x19960000)]
=>0x15214400 JavaThread "JavaFX Application Thread" [_thread_in_native, id=5672, stack(0x180e0000,0x18130000)]
  0x15215800 JavaThread "Thread-7" daemon [_thread_blocked, id=2680, stack(0x18090000,0x180e0000)]
  0x1521d800 JavaThread "Image Fetcher 0" daemon [_thread_blocked, id=3792, stack(0x15db0000,0x15e00000)]
  0x150dbc00 JavaThread "webcam-discovery-service" daemon [_thread_blocked, id=2036, stack(0x159d0000,0x15a20000)]
  0x150e0000 JavaThread "atomic-processor-1" daemon [_thread_blocked, id=5572, stack(0x15b20000,0x15b70000)]
  0x1501b000 JavaThread "Main" [_thread_in_native, id=7400, stack(0x15980000,0x159d0000)]
  0x01c6c000 JavaThread "DestroyJavaVM" [_thread_blocked, id=4300, stack(0x01b70000,0x01bc0000)]
  0x14567400 JavaThread "AWT-EventQueue-0" [_thread_blocked, id=7764, stack(0x14b10000,0x14b60000)]
  0x14563c00 JavaThread "AWT-Shutdown" [_thread_blocked, id=7708, stack(0x149b0000,0x14a00000)]
  0x14561000 JavaThread "Java2D Disposer" daemon [_thread_blocked, id=6180, stack(0x14960000,0x149b0000)]
  0x144ae000 JavaThread "Service Thread" daemon [_thread_blocked, id=6508, stack(0x147e0000,0x14830000)]
  0x14482c00 JavaThread "C1 CompilerThread0" daemon [_thread_blocked, id=1416, stack(0x14790000,0x147e0000)]
  0x14481c00 JavaThread "Attach Listener" daemon [_thread_blocked, id=2156, stack(0x14740000,0x14790000)]
  0x1448c400 JavaThread "Signal Dispatcher" daemon [_thread_blocked, id=1096, stack(0x03fa0000,0x03ff0000)]
  0x14478c00 JavaThread "Finalizer" daemon [_thread_blocked, id=7440, stack(0x03f50000,0x03fa0000)]
  0x14463400 JavaThread "Reference Handler" daemon [_thread_blocked, id=7248, stack(0x03f00000,0x03f50000)]

Other Threads:
  0x01e4c000 VMThread [stack: 0x03eb0000,0x03f00000] [id=7640]
  0x144b3000 WatcherThread [stack: 0x14830000,0x14880000] [id=6744]

VM state:not at safepoint (normal execution)

VM Mutex/Monitor currently owned by a thread: None

Heap:
 def new generation   total 21440K, used 12157K [0x04000000, 0x05740000, 0x09550000)
  eden space 19072K,  51% used [0x04000000, 0x0498f598, 0x052a0000)
  from space 2368K, 100% used [0x052a0000, 0x054f0000, 0x054f0000)
  to   space 2368K,   0% used [0x054f0000, 0x054f0000, 0x05740000)
 tenured generation   total 47456K, used 24672K [0x09550000, 0x0c3a8000, 0x14000000)
   the space 47456K,  51% used [0x09550000, 0x0ad681e0, 0x0ad68200, 0x0c3a8000)
 Metaspace       used 16651K, capacity 17223K, committed 17280K, reserved 17792K

Card table byte_map: [0x01c70000,0x01d00000] byte_map_base: 0x01c50000

Polling page: 0x00d10000

CodeCache: size=32768Kb used=2656Kb max_used=2656Kb free=30111Kb
 bounds [0x01e50000, 0x020f0000, 0x03e50000]
 total_blobs=1804 nmethods=1355 adapters=378
 compilation: enabled

Compilation events (10 events):
Event: 11.157 Thread 0x14482c00 1372             java.util.regex.Matcher::match (109 bytes)
Event: 11.157 Thread 0x14482c00 nmethod 1372 0x01f68d48 code [0x01f68e50, 0x01f68f7c]
Event: 11.220 Thread 0x14482c00 1373             java.security.MessageDigest$Delegate::engineUpdate (11 bytes)
Event: 11.220 Thread 0x14482c00 nmethod 1373 0x01f68b08 code [0x01f68c10, 0x01f68cbc]
Event: 11.256 Thread 0x14482c00 1374             com.sun.crypto.provider.AESCrypt::makeSessionKey (790 bytes)
Event: 11.262 Thread 0x14482c00 nmethod 1374 0x020e4b48 code [0x020e4dc0, 0x020e5c5c]
Event: 11.262 Thread 0x14482c00 1375             com.sun.crypto.provider.AESCrypt::expandToSubKey (139 bytes)
Event: 11.264 Thread 0x14482c00 nmethod 1375 0x020e76c8 code [0x020e77e0, 0x020e7a50]
Event: 11.265 Thread 0x14482c00 1376             java.security.AccessControlContext::combine (205 bytes)
Event: 11.266 Thread 0x14482c00 nmethod 1376 0x020e7d48 code [0x020e7e80, 0x020e8338]

GC Heap History (10 events):
Event: 7.656 GC heap before
{Heap before GC invocations=43 (full 3):
 def new generation   total 17280K, used 17166K [0x04000000, 0x052b0000, 0x09550000)
  eden space 15424K,  99% used [0x04000000, 0x04f078e0, 0x04f10000)
  from space 1856K,  95% used [0x04f10000, 0x050cc2d8, 0x050e0000)
  to   space 1856K,   0% used [0x050e0000, 0x050e0000, 0x052b0000)
 tenured generation   total 47456K, used 47284K [0x09550000, 0x0c3a8000, 0x14000000)
   the space 47456K,  99% used [0x09550000, 0x0c37d1e0, 0x0c37d200, 0x0c3a8000)
 Metaspace       used 14110K, capacity 14609K, committed 14720K, reserved 14720K
Event: 7.661 GC heap after
Heap after GC invocations=44 (full 3):
 def new generation   total 17280K, used 697K [0x04000000, 0x052b0000, 0x09550000)
  eden space 15424K,   0% used [0x04000000, 0x04000000, 0x04f10000)
  from space 1856K,  37% used [0x050e0000, 0x0518e6e0, 0x052b0000)
  to   space 1856K,   0% used [0x04f10000, 0x04f10000, 0x050e0000)
 tenured generation   total 47456K, used 47284K [0x09550000, 0x0c3a8000, 0x14000000)
   the space 47456K,  99% used [0x09550000, 0x0c37d1e0, 0x0c37d200, 0x0c3a8000)
 Metaspace       used 14110K, capacity 14609K, committed 14720K, reserved 14720K
}
Event: 7.676 GC heap before
{Heap before GC invocations=44 (full 3):
 def new generation   total 17280K, used 16101K [0x04000000, 0x052b0000, 0x09550000)
  eden space 15424K,  99% used [0x04000000, 0x04f0ad60, 0x04f10000)
  from space 1856K,  37% used [0x050e0000, 0x0518e6e0, 0x052b0000)
  to   space 1856K,   0% used [0x04f10000, 0x04f10000, 0x050e0000)
 tenured generation   total 47456K, used 47284K [0x09550000, 0x0c3a8000, 0x14000000)
   the space 47456K,  99% used [0x09550000, 0x0c37d1e0, 0x0c37d200, 0x0c3a8000)
 Metaspace       used 14115K, capacity 14609K, committed 14720K, reserved 14720K
Event: 7.683 GC heap after
Heap after GC invocations=45 (full 3):
 def new generation   total 17280K, used 706K [0x04000000, 0x052b0000, 0x09550000)
  eden space 15424K,   0% used [0x04000000, 0x04000000, 0x04f10000)
  from space 1856K,  38% used [0x04f10000, 0x04fc0b40, 0x050e0000)
  to   space 1856K,   0% used [0x050e0000, 0x050e0000, 0x052b0000)
 tenured generation   total 47456K, used 47284K [0x09550000, 0x0c3a8000, 0x14000000)
   the space 47456K,  99% used [0x09550000, 0x0c37d1e0, 0x0c37d200, 0x0c3a8000)
 Metaspace       used 14115K, capacity 14609K, committed 14720K, reserved 14720K
}
Event: 7.714 GC heap before
{Heap before GC invocations=45 (full 3):
 def new generation   total 17280K, used 13663K [0x04000000, 0x052b0000, 0x09550000)
  eden space 15424K,  84% used [0x04000000, 0x04ca7438, 0x04f10000)
  from space 1856K,  38% used [0x04f10000, 0x04fc0b40, 0x050e0000)
  to   space 1856K,   0% used [0x050e0000, 0x050e0000, 0x052b0000)
 tenured generation   total 47456K, used 47284K [0x09550000, 0x0c3a8000, 0x14000000)
   the space 47456K,  99% used [0x09550000, 0x0c37d1e0, 0x0c37d200, 0x0c3a8000)
 Metaspace       used 14164K, capacity 14676K, committed 14720K, reserved 14720K
Event: 7.791 GC heap after
Heap after GC invocations=46 (full 4):
 def new generation   total 21440K, used 0K [0x04000000, 0x05740000, 0x09550000)
  eden space 19072K,   0% used [0x04000000, 0x04000000, 0x052a0000)
  from space 2368K,   0% used [0x052a0000, 0x052a0000, 0x054f0000)
  to   space 2368K,   0% used [0x054f0000, 0x054f0000, 0x05740000)
 tenured generation   total 47456K, used 17649K [0x09550000, 0x0c3a8000, 0x14000000)
   the space 47456K,  37% used [0x09550000, 0x0a68c558, 0x0a68c600, 0x0c3a8000)
 Metaspace       used 14164K, capacity 14676K, committed 14720K, reserved 14720K
}
Event: 8.787 GC heap before
{Heap before GC invocations=46 (full 4):
 def new generation   total 21440K, used 19087K [0x04000000, 0x05740000, 0x09550000)
  eden space 19072K, 100% used [0x04000000, 0x052a0000, 0x052a0000)
  from space 2368K,   0% used [0x052a0000, 0x052a3ce0, 0x054f0000)
  to   space 2368K,   0% used [0x054f0000, 0x054f0000, 0x05740000)
 tenured generation   total 47456K, used 17649K [0x09550000, 0x0c3a8000, 0x14000000)
   the space 47456K,  37% used [0x09550000, 0x0a68c558, 0x0a68c600, 0x0c3a8000)
 Metaspace       used 15679K, capacity 16203K, committed 16256K, reserved 16768K
Event: 8.809 GC heap after
Heap after GC invocations=47 (full 4):
 def new generation   total 21440K, used 2222K [0x04000000, 0x05740000, 0x09550000)
  eden space 19072K,   0% used [0x04000000, 0x04000000, 0x052a0000)
  from space 2368K,  93% used [0x054f0000, 0x0571b9c8, 0x05740000)
  to   space 2368K,   0% used [0x052a0000, 0x052a0000, 0x054f0000)
 tenured generation   total 47456K, used 21747K [0x09550000, 0x0c3a8000, 0x14000000)
   the space 47456K,  45% used [0x09550000, 0x0aa8cd68, 0x0aa8ce00, 0x0c3a8000)
 Metaspace       used 15679K, capacity 16203K, committed 16256K, reserved 16768K
}
Event: 10.701 GC heap before
{Heap before GC invocations=47 (full 4):
 def new generation   total 21440K, used 21297K [0x04000000, 0x05740000, 0x09550000)
  eden space 19072K,  99% used [0x04000000, 0x0529ff40, 0x052a0000)
  from space 2368K,  93% used [0x054f0000, 0x0571c5d8, 0x05740000)
  to   space 2368K,   0% used [0x052a0000, 0x052a0000, 0x054f0000)
 tenured generation   total 47456K, used 21747K [0x09550000, 0x0c3a8000, 0x14000000)
   the space 47456K,  45% used [0x09550000, 0x0aa8cd68, 0x0aa8ce00, 0x0c3a8000)
 Metaspace       used 16414K, capacity 16972K, committed 17024K, reserved 17792K
Event: 10.726 GC heap after
Heap after GC invocations=48 (full 4):
 def new generation   total 21440K, used 2368K [0x04000000, 0x05740000, 0x09550000)
  eden space 19072K,   0% used [0x04000000, 0x04000000, 0x052a0000)
  from space 2368K, 100% used [0x052a0000, 0x054f0000, 0x054f0000)
  to   space 2368K,   0% used [0x054f0000, 0x054f0000, 0x05740000)
 tenured generation   total 47456K, used 24672K [0x09550000, 0x0c3a8000, 0x14000000)
   the space 47456K,  51% used [0x09550000, 0x0ad681e0, 0x0ad68200, 0x0c3a8000)
 Metaspace       used 16414K, capacity 16972K, committed 17024K, reserved 17792K
}

Deoptimization events (0 events):
No events

Internal exceptions (10 events):
Event: 3.059 Thread 0x150e0000 Exception <a 'java/lang/ArrayIndexOutOfBoundsException'> (0x04cd3388) thrown at [C:\re\workspace\8-2-build-windows-i586-cygwin\jdk8u74\6087\hotspot\src\share\vm\runtime\sharedRuntime.cpp, line 605]
Event: 3.060 Thread 0x150e0000 Exception <a 'java/lang/NoSuchMethodError': getName> (0x04cd4a18) thrown at [C:\re\workspace\8-2-build-windows-i586-cygwin\jdk8u74\6087\hotspot\src\share\vm\prims\jni.cpp, line 1591]
Event: 3.060 Thread 0x150e0000 Exception <a 'java/lang/NoSuchMethodError': getIdentifier> (0x04cd4c60) thrown at [C:\re\workspace\8-2-build-windows-i586-cygwin\jdk8u74\6087\hotspot\src\share\vm\prims\jni.cpp, line 1591]
Event: 5.258 Thread 0x1500d800 Exception <a 'java/lang/NullPointerException'> (0x04ea2da8) thrown at [C:\re\workspace\8-2-build-windows-i586-cygwin\jdk8u74\6087\hotspot\src\share\vm\interpreter\linkResolver.cpp, line 1178]
Event: 5.438 Thread 0x15214400 Exception <a 'java/lang/NullPointerException'> (0x0429c530) thrown at [C:\re\workspace\8-2-build-windows-i586-cygwin\jdk8u74\6087\hotspot\src\share\vm\interpreter\linkResolver.cpp, line 1178]
Event: 5.438 Thread 0x15214400 Exception <a 'java/lang/NullPointerException'> (0x0429c530) thrown at [C:\re\workspace\8-2-build-windows-i586-cygwin\jdk8u74\6087\hotspot\src\share\vm\prims\jvm.cpp, line 1390]
Event: 6.837 Thread 0x15214400 Exception <a 'sun/nio/fs/WindowsException'> (0x040936c8) thrown at [C:\re\workspace\8-2-build-windows-i586-cygwin\jdk8u74\6087\hotspot\src\share\vm\prims\jni.cpp, line 709]
Event: 6.843 Thread 0x15214400 Exception <a 'sun/nio/fs/WindowsException'> (0x04094dc0) thrown at [C:\re\workspace\8-2-build-windows-i586-cygwin\jdk8u74\6087\hotspot\src\share\vm\prims\jni.cpp, line 709]
Event: 7.995 Thread 0x15216400 Implicit null exception at 0x0203a10c to 0x0203af60
Event: 10.864 Thread 0x1ebf9800 Exception <a 'java/lang/IllegalStateException'> (0x044b6cf0) thrown at [C:\re\workspace\8-2-build-windows-i586-cygwin\jdk8u74\6087\hotspot\src\share\vm\prims\jvm.cpp, line 1390]

Events (10 events):
Event: 11.156 Executing VM operation: RevokeBias done
Event: 11.227 Thread 0x15214c00 Thread exited: 0x15214c00
Event: 11.234 loading class java/lang/Throwable$WrappedPrintStream
Event: 11.235 loading class java/lang/Throwable$PrintStreamOrWriter
Event: 11.235 loading class java/lang/Throwable$PrintStreamOrWriter done
Event: 11.235 loading class java/lang/Throwable$WrappedPrintStream done
Event: 11.260 Thread 0x1eb65000 Thread added: 0x1eb65000
Event: 11.262 Executing VM operation: RevokeBias
Event: 11.263 Executing VM operation: RevokeBias done
Event: 11.263 Thread 0x1eb65000 Thread exited: 0x1eb65000


Dynamic libraries:
0x00900000 - 0x00933000 	C:\Program Files\Java\jre1.8.0_74\bin\javaw.exe
0x77c80000 - 0x77dfa000 	C:\WINDOWS\SYSTEM32\ntdll.dll
0x77110000 - 0x771a5000 	C:\WINDOWS\system32\KERNEL32.DLL
0x755a0000 - 0x75717000 	C:\WINDOWS\system32\KERNELBASE.dll
0x6d810000 - 0x6da3d000 	C:\Program Files\Norton Security\NortonData\22.5.4.24\Definitions\IPSDefs\20160423.001\IPSEng32.dll
0x771b0000 - 0x7722b000 	C:\WINDOWS\system32\ADVAPI32.dll
0x77300000 - 0x773be000 	C:\WINDOWS\system32\msvcrt.dll
0x77c30000 - 0x77c73000 	C:\WINDOWS\system32\sechost.dll
0x778b0000 - 0x77972000 	C:\WINDOWS\system32\RPCRT4.dll
0x773c0000 - 0x774f4000 	C:\WINDOWS\system32\USER32.dll
0x76da0000 - 0x76ef5000 	C:\WINDOWS\system32\GDI32.dll
0x6ab60000 - 0x6ad69000 	C:\WINDOWS\WinSxS\x86_microsoft.windows.common-controls_6595b64144ccf1df_6.0.10240.16384_none_3bccb1ff6bcd1849\COMCTL32.dll
0x75720000 - 0x7574f000 	C:\WINDOWS\system32\IMM32.DLL
0x75750000 - 0x75870000 	C:\WINDOWS\system32\MSCTF.dll
0x556d0000 - 0x5578f000 	C:\Program Files\Java\jre1.8.0_74\bin\msvcr100.dll
0x6ca90000 - 0x6ce58000 	C:\Program Files\Java\jre1.8.0_74\bin\client\jvm.dll
0x77250000 - 0x77256000 	C:\WINDOWS\system32\PSAPI.DLL
0x69620000 - 0x69628000 	C:\WINDOWS\SYSTEM32\WSOCK32.dll
0x76d40000 - 0x76d9c000 	C:\WINDOWS\system32\WS2_32.dll
0x758d0000 - 0x758d7000 	C:\WINDOWS\system32\NSI.dll
0x737a0000 - 0x737c4000 	C:\WINDOWS\SYSTEM32\WINMM.dll
0x6ab50000 - 0x6ab58000 	C:\WINDOWS\SYSTEM32\VERSION.dll
0x73590000 - 0x735b3000 	C:\WINDOWS\SYSTEM32\WINMMBASE.dll
0x75560000 - 0x75596000 	C:\WINDOWS\system32\cfgmgr32.dll
0x73a80000 - 0x73aa1000 	C:\WINDOWS\SYSTEM32\DEVOBJ.dll
0x73890000 - 0x7389c000 	C:\Program Files\Java\jre1.8.0_74\bin\verify.dll
0x67d30000 - 0x67d51000 	C:\Program Files\Java\jre1.8.0_74\bin\java.dll
0x6fa40000 - 0x6fa53000 	C:\Program Files\Java\jre1.8.0_74\bin\zip.dll
0x75940000 - 0x76d37000 	C:\WINDOWS\system32\SHELL32.dll
0x74e60000 - 0x7533c000 	C:\WINDOWS\system32\windows.storage.dll
0x77a70000 - 0x77c2a000 	C:\WINDOWS\system32\combase.dll
0x77620000 - 0x77664000 	C:\WINDOWS\system32\shlwapi.dll
0x74de0000 - 0x74dec000 	C:\WINDOWS\system32\kernel.appcore.dll
0x77260000 - 0x772ed000 	C:\WINDOWS\system32\shcore.dll
0x74d90000 - 0x74dd4000 	C:\WINDOWS\system32\powrprof.dll
0x74df0000 - 0x74dff000 	C:\WINDOWS\system32\profapi.dll
0x76f00000 - 0x76f92000 	C:\WINDOWS\system32\OLEAUT32.dll
0x522b0000 - 0x523f5000 	C:\Program Files\Java\jre1.8.0_74\bin\awt.dll
0x73930000 - 0x739c1000 	C:\WINDOWS\system32\apphelp.dll
0x73ab0000 - 0x73b29000 	C:\WINDOWS\system32\uxtheme.dll
0x731a0000 - 0x731bd000 	C:\WINDOWS\system32\dwmapi.dll
0x77980000 - 0x77a6a000 	C:\WINDOWS\system32\ole32.dll
0x74bc0000 - 0x74c19000 	C:\WINDOWS\SYSTEM32\bcryptPrimitives.dll
0x74760000 - 0x74773000 	C:\WINDOWS\SYSTEM32\CRYPTSP.dll
0x74cf0000 - 0x74d0d000 	C:\WINDOWS\SYSTEM32\bcrypt.dll
0x74440000 - 0x7446f000 	C:\WINDOWS\system32\rsaenh.dll
0x74510000 - 0x74529000 	C:\WINDOWS\SYSTEM32\USERENV.dll
0x74870000 - 0x7487a000 	C:\WINDOWS\SYSTEM32\CRYPTBASE.dll
0x66740000 - 0x66756000 	C:\Program Files\Java\jre1.8.0_74\bin\net.dll
0x74710000 - 0x74760000 	C:\WINDOWS\system32\mswsock.dll
0x718e0000 - 0x71910000 	C:\WINDOWS\SYSTEM32\IPHLPAPI.DLL
0x718d0000 - 0x718d8000 	C:\WINDOWS\SYSTEM32\WINNSI.DLL
0x706c0000 - 0x706d3000 	C:\WINDOWS\SYSTEM32\dhcpcsvc6.DLL
0x708f0000 - 0x70904000 	C:\WINDOWS\SYSTEM32\dhcpcsvc.DLL
0x68f40000 - 0x68f4f000 	C:\Program Files\Java\jre1.8.0_74\bin\nio.dll
0x5a680000 - 0x5a6b9000 	C:\Program Files\Java\jre1.8.0_74\bin\fontmanager.dll
0x5a6d0000 - 0x5a6f8000 	C:\Users\Cameron\AppData\Local\Temp\BridJExtractedLibraries3719851020384494395\bridj.dll
0x55f00000 - 0x55f2e000 	C:\Users\Cameron\AppData\Local\Temp\BridJExtractedLibraries3719851020384494395\OpenIMAJGrabber.dll
0x55ee0000 - 0x55ef9000 	C:\WINDOWS\SYSTEM32\OLEPRO32.DLL
0x77820000 - 0x778a2000 	C:\WINDOWS\system32\clbcatq.dll
0x55ec0000 - 0x55ed5000 	C:\Windows\System32\devenum.dll
0x77670000 - 0x77815000 	C:\WINDOWS\system32\setupapi.dll
0x74300000 - 0x74328000 	C:\WINDOWS\SYSTEM32\ntmarta.dll
0x74e10000 - 0x74e52000 	C:\WINDOWS\system32\WINTRUST.dll
0x74e00000 - 0x74e0e000 	C:\WINDOWS\system32\MSASN1.dll
0x75340000 - 0x754b5000 	C:\WINDOWS\system32\CRYPT32.dll
0x67d20000 - 0x67d29000 	C:\WINDOWS\SYSTEM32\msdmo.dll
0x55e50000 - 0x55e80000 	C:\Program Files\Java\jre1.8.0_74\bin\t2k.dll
0x55360000 - 0x553f2000 	C:\WINDOWS\WinSxS\x86_microsoft.windows.common-controls_6595b64144ccf1df_5.82.10240.16384_none_49c02355cf03478c\comctl32.dll
0x731e0000 - 0x73322000 	C:\WINDOWS\SYSTEM32\PROPSYS.dll
0x65650000 - 0x65857000 	C:\Windows\System32\ActXPrxy.dll
0x160a0000 - 0x1623f000 	C:\WINDOWS\system32\NetworkExplorer.dll
0x68dc0000 - 0x68ddf000 	C:\WINDOWS\System32\IDStore.dll
0x733f0000 - 0x73403000 	C:\WINDOWS\System32\SAMLIB.dll
0x5a7c0000 - 0x5a834000 	C:\WINDOWS\System32\wlidprov.dll
0x74220000 - 0x74237000 	C:\WINDOWS\SYSTEM32\MPR.dll
0x67d80000 - 0x67d89000 	C:\WINDOWS\System32\drprov.dll
0x74c20000 - 0x74c64000 	C:\WINDOWS\System32\WINSTA.dll
0x67d60000 - 0x67d72000 	C:\WINDOWS\System32\ntlanman.dll
0x53710000 - 0x5372a000 	C:\WINDOWS\System32\davclnt.dll
0x632b0000 - 0x632bb000 	C:\WINDOWS\System32\DAVHLPR.dll
0x719d0000 - 0x719e0000 	C:\WINDOWS\System32\wkscli.dll
0x6b570000 - 0x6b57f000 	C:\WINDOWS\SYSTEM32\cscapi.dll
0x74210000 - 0x7421a000 	C:\WINDOWS\System32\netutils.dll
0x6b1a0000 - 0x6b30b000 	C:\WINDOWS\WinSxS\x86_microsoft.windows.gdiplus_6595b64144ccf1df_1.1.10240.16603_none_d15a3826af6dca5f\gdiplus.dll
0x67c90000 - 0x67d15000 	C:\Program Files\Norton Security\Engine\22.6.0.142\MSVCP110.dll
0x67bb0000 - 0x67c86000 	C:\Program Files\Norton Security\Engine\22.6.0.142\MSVCR110.dll
0x67a20000 - 0x67ace000 	C:\Program Files\Norton Security\Engine\22.6.0.142\ccLib.dll
0x6b500000 - 0x6b519000 	C:\Program Files\Norton Security\Engine\22.6.0.142\ccVrTrst.dll
0x6b4e0000 - 0x6b4fa000 	C:\Program Files\Norton Security\Engine\22.6.0.142\EFACli.dll
0x66660000 - 0x6668c000 	C:\Program Files\Norton Security\Engine\22.6.0.142\ccIPC.dll
0x52470000 - 0x524df000 	C:\Windows\System32\dlnashext.dll
0x55880000 - 0x558d5000 	C:\Windows\System32\PlayToDevice.dll
0x61350000 - 0x6136a000 	C:\Windows\System32\DevDispItemProvider.dll
0x70f10000 - 0x70f64000 	C:\WINDOWS\System32\MMDevApi.dll
0x71620000 - 0x716a3000 	C:\Windows\System32\PortableDeviceApi.dll
0x6fcd0000 - 0x6fcf7000 	C:\Windows\System32\PortableDeviceTypes.dll
0x55e30000 - 0x55e50000 	C:\Windows\System32\EhStorAPI.dll
0x73330000 - 0x7333f000 	C:\Windows\System32\WTSAPI32.dll
0x5a5d0000 - 0x5a5db000 	C:\WINDOWS\SYSTEM32\LINKINFO.dll
0x73b50000 - 0x73c0c000 	C:\Windows\System32\twinapi.appcore.dll
0x17270000 - 0x1735e000 	C:\Program Files\Java\jre1.8.0_74\bin\msvcr120.dll
0x554e0000 - 0x55551000 	C:\Program Files\Java\jre1.8.0_74\bin\msvcp120.dll
0x55860000 - 0x5587f000 	C:\Program Files\Java\jre1.8.0_74\bin\prism_d3d.dll
0x174b0000 - 0x1767c000 	C:\WINDOWS\system32\d3d9.dll
0x554a0000 - 0x554d3000 	C:\Program Files\Java\jre1.8.0_74\bin\glass.dll
0x77500000 - 0x775be000 	C:\WINDOWS\system32\COMDLG32.dll
0x52270000 - 0x522aa000 	C:\Windows\System32\qcap.dll
0x52240000 - 0x52263000 	C:\Windows\System32\MSVFW32.dll
0x34fc0000 - 0x3516c000 	C:\Windows\System32\quartz.dll
0x51b00000 - 0x51b3d000 	C:\Windows\System32\ksproxy.ax
0x70bc0000 - 0x70bc7000 	C:\Windows\System32\ksuser.dll
0x71b00000 - 0x71b2f000 	C:\WINDOWS\SYSTEM32\policymanager.dll
0x71920000 - 0x71985000 	C:\Windows\System32\msvcp110_win.dll
0x71990000 - 0x719bd000 	C:\Windows\System32\XmlLite.dll
0x61190000 - 0x6119c000 	C:\Windows\System32\vidcap.ax
0x55840000 - 0x55860000 	C:\Windows\System32\kswdmcap.ax
0x19b50000 - 0x19c7f000 	C:\Windows\System32\MFC42.dll
0x19c80000 - 0x19d19000 	C:\Windows\System32\ODBC32.dll
0x74470000 - 0x74478000 	C:\Windows\System32\DPAPI.dll
0x19e30000 - 0x1a320000 	C:\WINDOWS\system32\IntelCameraPlugin.dll
0x6b9c0000 - 0x6baa1000 	C:\WINDOWS\system32\MFPlat.DLL
0x6b990000 - 0x6b9b4000 	C:\WINDOWS\system32\RTWorkQ.DLL
0x70bd0000 - 0x70bd9000 	C:\WINDOWS\system32\AVRT.dll
0x1b060000 - 0x1d0c6000 	C:\Program Files\Java\jre1.8.0_74\bin\jfxwebkit.dll
0x1dad0000 - 0x1db61000 	C:\Windows\System32\qedit.dll
0x60820000 - 0x6090b000 	C:\Windows\System32\DDRAW.dll
0x66630000 - 0x66637000 	C:\Windows\System32\DCIMAN32.dll

VM Arguments:
jvm_args: -Dfile.encoding=Cp1252 
java_command: tk.atherismotorsports.Start
java_class_path (initial): C:\Users\Cameron\OneDrive\workspace\Atheris Interface\bin;C:\Users\Cameron\OneDrive\workspace\Atheris Interface\res;C:\Users\Cameron\OneDrive\workspace\Atheris Interface\lib\jl1.0.1.jar;C:\Users\Cameron\OneDrive\workspace\Atheris Interface\lib\mp3agic.jar;C:\Users\Cameron\OneDrive\workspace\Atheris Interface\lib\license.jar;C:\Users\Cameron\OneDrive\workspace\Atheris Interface\lib\webcam-capture-0.3.10.jar;C:\Users\Cameron\OneDrive\workspace\Atheris Interface\lib\bridj-0.6.2.jar;C:\Users\Cameron\OneDrive\workspace\Atheris Interface\lib\slf4j-api-1.7.2.jar;C:\Users\Cameron\OneDrive\workspace\Atheris Interface\lib\jxbrowser-6.3.jar;C:\Users\Cameron\OneDrive\workspace\Atheris Interface\lib\jxbrowser-win-6.3.jar
Launcher Type: SUN_STANDARD

Environment Variables:
JAVA_HOME=C:\Program Files\Java\jdk1.8.0_66
PATH=C:/Program Files/Java/jre1.8.0_74/bin/client;C:/Program Files/Java/jre1.8.0_74/bin;C:/Program Files/Java/jre1.8.0_74/lib/i386;C:\ProgramData\Oracle\Java\javapath;C:\WINDOWS\system32;C:\WINDOWS;C:\WINDOWS\System32\Wbem;C:\WINDOWS\System32\WindowsPowerShell\v1.0\;C:\Program Files\Skype\Phone\;C:\ProgramData\Oracle\Java\javapath;C:\WINDOWS\system32;C:\WINDOWS;C:\WINDOWS\System32\Wbem;C:\WINDOWS\System32\WindowsPowerShell\v1.0\;C:\Users\Cameron\OneDrive\eclipse;
USERNAME=Cameron
OS=Windows_NT
PROCESSOR_IDENTIFIER=x86 Family 6 Model 55 Stepping 8, GenuineIntel



---------------  S Y S T E M  ---------------

OS: Windows 10.0 Build 10240 (10.0.10240.16384)

CPU:total 4 (4 cores per cpu, 1 threads per core) family 6 model 55 stepping 8, cmov, cx8, fxsr, mmx, sse, sse2, sse3, ssse3, sse4.1, sse4.2, popcnt, aes, clmul, erms, 3dnowpref, tsc, tscinvbit

Memory: 4k page, physical 2030020k(468376k free), swap 2881988k(776324k free)

vm_info: Java HotSpot(TM) Client VM (25.74-b02) for windows-x86 JRE (1.8.0_74-b02), built on Jan 29 2016 17:47:57 by "java_re" with MS VC++ 10.0 (VS2010)

time: Mon Apr 25 14:13:13 2016
elapsed time: 11 seconds (0d 0h 0m 11s)

