#
# A fatal error has been detected by the Java Runtime Environment:
#
#  EXCEPTION_ACCESS_VIOLATION (0xc0000005) at pc=0x1c85fc05, pid=2768, tid=304
#
# JRE version: Java(TM) SE Runtime Environment (8.0_72-b15) (build 1.8.0_72-b15)
# Java VM: Java HotSpot(TM) Client VM (25.72-b15 mixed mode, sharing windows-x86 )
# Problematic frame:
# C  [jfxwebkit.dll+0x7bfc05]
#
# Failed to write core dump. Minidumps are not enabled by default on client versions of Windows
#
# If you would like to submit a bug report, please visit:
#   http://bugreport.java.com/bugreport/crash.jsp
# The crash happened outside the Java Virtual Machine in native code.
# See problematic frame for where to report the bug.
#

---------------  T H R E A D  ---------------

Current thread (0x15d32c00):  JavaThread "JavaFX Application Thread" [_thread_in_native, id=304, stack(0x18310000,0x18360000)]

siginfo: ExceptionCode=0xc0000005, reading address 0x00000034

Registers:
EAX=0x1835cad0, EBX=0x00110000, ECX=0x00000034, EDX=0x00000000
ESP=0x1835cac4, EBP=0x20836e40, ESI=0x1b8a5db8, EDI=0x1b8986d8
EIP=0x1c85fc05, EFLAGS=0x00010206

Top of Stack: (sp=0x1835cac4)
0x1835cac4:   77e93bee 00000002 1b8a5db8 1835cafc
0x1835cad4:   1ce646c2 ffffffff 1c4fd32f 00000034
0x1835cae4:   00000001 00000001 00000000 77e93bd2
0x1835caf4:   00000000 1b8a5db8 1835cb4c 1ce60a6b
0x1835cb04:   00000000 1c4fd60e 1835cb64 00000034
0x1835cb14:   00000001 00000001 00000000 77e93a02
0x1835cb24:   1b94f140 00000002 00000003 1705c208
0x1835cb34:   00000000 00000000 00000000 2087cc10 

Instructions: (pc=0x1c85fc05)
0x1c85fbe5:   20 00 00 00 00 c7 46 24 00 00 00 00 66 c7 46 28
0x1c85fbf5:   00 00 c7 46 2c 00 00 80 bf c7 46 30 00 00 80 bf
0x1c85fc05:   8b 01 c7 44 24 14 00 00 00 00 89 46 34 85 c0 74
0x1c85fc15:   02 ff 00 8b 41 04 89 46 38 c7 46 3c 00 00 00 00 


Register to memory mapping:

EAX=0x1835cad0 is pointing into the stack for thread: 0x15d32c00
EBX=0x00110000 is an unknown value
ECX=0x00000034 is an unknown value
EDX=0x00000000 is an unknown value
ESP=0x1835cac4 is pointing into the stack for thread: 0x15d32c00
EBP=0x20836e40 is an unknown value
ESI=0x1b8a5db8 is an unknown value
EDI=0x1b8986d8 is an unknown value


Stack: [0x18310000,0x18360000],  sp=0x1835cac4,  free space=306k
Native frames: (J=compiled Java code, j=interpreted, Vv=VM code, C=native code)
C  [jfxwebkit.dll+0x7bfc05]

Java frames: (J=compiled Java code, j=interpreted, Vv=VM code)
j  com.sun.webkit.network.URLLoader.twkDidReceiveData(Ljava/nio/ByteBuffer;IIJ)V+0
j  com.sun.webkit.network.URLLoader.notifyDidReceiveData(Ljava/nio/ByteBuffer;II)V+65
j  com.sun.webkit.network.URLLoader.lambda$didReceiveData$95(Ljava/nio/ByteBuffer;Lcom/sun/webkit/network/ByteBufferAllocator;)V+17
j  com.sun.webkit.network.URLLoader$$Lambda$171.run()V+12
j  com.sun.javafx.application.PlatformImpl.lambda$null$173(Ljava/lang/Runnable;)Ljava/lang/Void;+1
j  com.sun.javafx.application.PlatformImpl$$Lambda$67.run()Ljava/lang/Object;+4
v  ~StubRoutines::call_stub
j  java.security.AccessController.doPrivileged(Ljava/security/PrivilegedAction;Ljava/security/AccessControlContext;)Ljava/lang/Object;+0
j  com.sun.javafx.application.PlatformImpl.lambda$runLater$174(Ljava/lang/Runnable;Ljava/security/AccessControlContext;)V+7
j  com.sun.javafx.application.PlatformImpl$$Lambda$66.run()V+8
j  com.sun.glass.ui.InvokeLaterDispatcher$Future.run()V+4
v  ~StubRoutines::call_stub
j  com.sun.glass.ui.win.WinApplication._runLoop(Ljava/lang/Runnable;)V+0
j  com.sun.glass.ui.win.WinApplication.lambda$null$148(ILjava/lang/Runnable;)V+8
j  com.sun.glass.ui.win.WinApplication$$Lambda$56.run()V+12
j  java.lang.Thread.run()V+11
v  ~StubRoutines::call_stub

---------------  P R O C E S S  ---------------

Java Threads: ( => current thread )
  0x15f98c00 JavaThread "URL-Loader-4" daemon [_thread_blocked, id=7776, stack(0x21cf0000,0x21d40000)]
  0x15f9c800 JavaThread "URL-Loader-3" daemon [_thread_blocked, id=5808, stack(0x21ca0000,0x21cf0000)]
  0x15f97c00 JavaThread "notificator-[UNICAM Front 0]" daemon [_thread_blocked, id=8764, stack(0x21bb0000,0x21c00000)]
  0x15f97000 JavaThread "URL-Loader-2" daemon [_thread_blocked, id=9752, stack(0x21aa0000,0x21af0000)]
  0x15f99000 JavaThread "Image Fetcher 1" daemon [_thread_blocked, id=10104, stack(0x1f620000,0x1f670000)]
  0x15f99c00 JavaThread "Image Fetcher 0" daemon [_thread_blocked, id=6588, stack(0x1f5d0000,0x1f620000)]
  0x15f9e400 JavaThread "Watchdog-Timer-1" daemon [_thread_blocked, id=9480, stack(0x1f8c0000,0x1f910000)]
  0x15f97800 JavaThread "Keep-Alive-Timer" daemon [_thread_blocked, id=9096, stack(0x158a0000,0x158f0000)]
  0x15d32800 JavaThread "URL-Loader-1" daemon [_thread_blocked, id=8928, stack(0x1ed40000,0x1ed90000)]
  0x15d34c00 JavaThread "Disposer" daemon [_thread_blocked, id=4992, stack(0x1eb00000,0x1eb50000)]
  0x15d35800 JavaThread "webcam-lock-[UNICAM Front 0]" daemon [_thread_blocked, id=9816, stack(0x19ce0000,0x19d30000)]
  0x15d35400 JavaThread "Thread-8" daemon [_thread_in_native, id=4920, stack(0x19b40000,0x19b90000)]
=>0x15d32c00 JavaThread "JavaFX Application Thread" [_thread_in_native, id=304, stack(0x18310000,0x18360000)]
  0x15d34000 JavaThread "Thread-7" daemon [_thread_blocked, id=8788, stack(0x182c0000,0x18310000)]
  0x14019800 JavaThread "webcam-discovery-service" daemon [_thread_blocked, id=3328, stack(0x14d90000,0x14de0000)]
  0x14016000 JavaThread "atomic-processor-1" daemon [_thread_blocked, id=156, stack(0x156b0000,0x15700000)]
  0x13ee6c00 JavaThread "Main" [_thread_in_native, id=3784, stack(0x14850000,0x148a0000)]
  0x00a4c000 JavaThread "DestroyJavaVM" [_thread_blocked, id=4204, stack(0x00430000,0x00480000)]
  0x13e8c400 JavaThread "AWT-EventQueue-0" [_thread_blocked, id=4156, stack(0x14800000,0x14850000)]
  0x13e85800 JavaThread "AWT-Shutdown" [_thread_blocked, id=4684, stack(0x14190000,0x141e0000)]
  0x13e84c00 JavaThread "Java2D Disposer" daemon [_thread_blocked, id=5020, stack(0x14140000,0x14190000)]
  0x00807c00 JavaThread "Service Thread" daemon [_thread_blocked, id=1068, stack(0x03950000,0x039a0000)]
  0x007e0800 JavaThread "C1 CompilerThread0" daemon [_thread_blocked, id=3632, stack(0x03900000,0x03950000)]
  0x007dd800 JavaThread "Attach Listener" daemon [_thread_blocked, id=5720, stack(0x038b0000,0x03900000)]
  0x007dbc00 JavaThread "Signal Dispatcher" daemon [_thread_blocked, id=588, stack(0x00bd0000,0x00c20000)]
  0x007d3400 JavaThread "Finalizer" daemon [_thread_blocked, id=10076, stack(0x00aa0000,0x00af0000)]
  0x00776c00 JavaThread "Reference Handler" daemon [_thread_blocked, id=5992, stack(0x00a50000,0x00aa0000)]

Other Threads:
  0x00773000 VMThread [stack: 0x009d0000,0x00a20000] [id=3052]
  0x0080d400 WatcherThread [stack: 0x039a0000,0x039f0000] [id=5168]

VM state:not at safepoint (normal execution)

VM Mutex/Monitor currently owned by a thread: None

Heap:
 def new generation   total 43776K, used 5246K [0x03a00000, 0x06970000, 0x08f50000)
  eden space 38976K,  13% used [0x03a00000, 0x03f1f860, 0x06010000)
  from space 4800K,   0% used [0x06010000, 0x06010000, 0x064c0000)
  to   space 4800K,   0% used [0x064c0000, 0x064c0000, 0x06970000)
 tenured generation   total 97000K, used 24815K [0x08f50000, 0x0ee0a000, 0x13a00000)
   the space 97000K,  25% used [0x08f50000, 0x0a78bfd8, 0x0a78c000, 0x0ee0a000)
 Metaspace       used 8745K, capacity 9259K, committed 9344K, reserved 9600K

Card table byte_map: [0x008e0000,0x00970000] byte_map_base: 0x008c3000

Polling page: 0x00480000

CodeCache: size=32768Kb used=2351Kb max_used=2351Kb free=30416Kb
 bounds [0x018b0000, 0x01b00000, 0x038b0000]
 total_blobs=1570 nmethods=1137 adapters=363
 compilation: enabled

Compilation events (10 events):
Event: 11.388 Thread 0x007e0800 1156             java.util.concurrent.locks.AbstractQueuedSynchronizer::isOnSyncQueue (33 bytes)
Event: 11.388 Thread 0x007e0800 nmethod 1156 0x01afb188 code [0x01afb290, 0x01afb390]
Event: 11.412 Thread 0x007e0800 1157             java.nio.HeapByteBuffer::ix (7 bytes)
Event: 11.412 Thread 0x007e0800 nmethod 1157 0x01afb448 code [0x01afb540, 0x01afb5c0]
Event: 11.413 Thread 0x007e0800 1158             java.util.ArrayList::indexOf (67 bytes)
Event: 11.413 Thread 0x007e0800 nmethod 1158 0x01afb608 code [0x01afb720, 0x01afb88c]
Event: 11.415 Thread 0x007e0800 1159             java.lang.String::compareTo (9 bytes)
Event: 11.415 Thread 0x007e0800 nmethod 1159 0x01afb9c8 code [0x01afbad0, 0x01afbb7c]
Event: 11.426 Thread 0x007e0800 1160             java.util.regex.Matcher::match (109 bytes)
Event: 11.427 Thread 0x007e0800 nmethod 1160 0x01afbc08 code [0x01afbd10, 0x01afbe3c]

GC Heap History (10 events):
Event: 7.803 GC heap before
{Heap before GC invocations=58 (full 2):
 def new generation   total 20288K, used 20235K [0x03a00000, 0x05000000, 0x08f50000)
  eden space 18048K, 100% used [0x03a00000, 0x04ba0000, 0x04ba0000)
  from space 2240K,  97% used [0x04ba0000, 0x04dc2c30, 0x04dd0000)
  to   space 2240K,   0% used [0x04dd0000, 0x04dd0000, 0x05000000)
 tenured generation   total 95400K, used 95252K [0x08f50000, 0x0ec7a000, 0x13a00000)
   the space 95400K,  99% used [0x08f50000, 0x0ec551c0, 0x0ec55200, 0x0ec7a000)
 Metaspace       used 7033K, capacity 7992K, committed 8064K, reserved 8576K
Event: 7.805 GC heap after
Heap after GC invocations=59 (full 2):
 def new generation   total 20288K, used 3K [0x03a00000, 0x05000000, 0x08f50000)
  eden space 18048K,   0% used [0x03a00000, 0x03a00000, 0x04ba0000)
  from space 2240K,   0% used [0x04dd0000, 0x04dd0eb8, 0x05000000)
  to   space 2240K,   0% used [0x04ba0000, 0x04ba0000, 0x04dd0000)
 tenured generation   total 95400K, used 95252K [0x08f50000, 0x0ec7a000, 0x13a00000)
   the space 95400K,  99% used [0x08f50000, 0x0ec551c0, 0x0ec55200, 0x0ec7a000)
 Metaspace       used 7033K, capacity 7992K, committed 8064K, reserved 8576K
}
Event: 7.905 GC heap before
{Heap before GC invocations=59 (full 2):
 def new generation   total 20288K, used 18227K [0x03a00000, 0x05000000, 0x08f50000)
  eden space 18048K, 100% used [0x03a00000, 0x04ba0000, 0x04ba0000)
  from space 2240K,   8% used [0x04dd0000, 0x04dfcd00, 0x05000000)
  to   space 2240K,   0% used [0x04ba0000, 0x04ba0000, 0x04dd0000)
 tenured generation   total 95400K, used 95252K [0x08f50000, 0x0ec7a000, 0x13a00000)
   the space 95400K,  99% used [0x08f50000, 0x0ec551c0, 0x0ec55200, 0x0ec7a000)
 Metaspace       used 7040K, capacity 7992K, committed 8064K, reserved 8576K
Event: 7.908 GC heap after
Heap after GC invocations=60 (full 2):
 def new generation   total 20288K, used 221K [0x03a00000, 0x05000000, 0x08f50000)
  eden space 18048K,   0% used [0x03a00000, 0x03a00000, 0x04ba0000)
  from space 2240K,   9% used [0x04ba0000, 0x04bd7448, 0x04dd0000)
  to   space 2240K,   0% used [0x04dd0000, 0x04dd0000, 0x05000000)
 tenured generation   total 95400K, used 95252K [0x08f50000, 0x0ec7a000, 0x13a00000)
   the space 95400K,  99% used [0x08f50000, 0x0ec551c0, 0x0ec55200, 0x0ec7a000)
 Metaspace       used 7040K, capacity 7992K, committed 8064K, reserved 8576K
}
Event: 8.763 GC heap before
{Heap before GC invocations=60 (full 2):
 def new generation   total 20288K, used 18276K [0x03a00000, 0x05000000, 0x08f50000)
  eden space 18048K, 100% used [0x03a00000, 0x04ba0000, 0x04ba0000)
  from space 2240K,  10% used [0x04ba0000, 0x04bd9148, 0x04dd0000)
  to   space 2240K,   0% used [0x04dd0000, 0x04dd0000, 0x05000000)
 tenured generation   total 95400K, used 95252K [0x08f50000, 0x0ec7a000, 0x13a00000)
   the space 95400K,  99% used [0x08f50000, 0x0ec551c0, 0x0ec55200, 0x0ec7a000)
 Metaspace       used 8000K, capacity 8478K, committed 8576K, reserved 8576K
Event: 8.779 GC heap after
Heap after GC invocations=61 (full 2):
 def new generation   total 20288K, used 1698K [0x03a00000, 0x05000000, 0x08f50000)
  eden space 18048K,   0% used [0x03a00000, 0x03a00000, 0x04ba0000)
  from space 2240K,  75% used [0x04dd0000, 0x04f78b50, 0x05000000)
  to   space 2240K,   0% used [0x04ba0000, 0x04ba0000, 0x04dd0000)
 tenured generation   total 95400K, used 95252K [0x08f50000, 0x0ec7a000, 0x13a00000)
   the space 95400K,  99% used [0x08f50000, 0x0ec551c0, 0x0ec55200, 0x0ec7a000)
 Metaspace       used 8000K, capacity 8478K, committed 8576K, reserved 8576K
}
Event: 9.963 GC heap before
{Heap before GC invocations=61 (full 2):
 def new generation   total 20288K, used 19816K [0x03a00000, 0x05000000, 0x08f50000)
  eden space 18048K, 100% used [0x03a00000, 0x04ba0000, 0x04ba0000)
  from space 2240K,  78% used [0x04dd0000, 0x04f8a080, 0x05000000)
  to   space 2240K,   0% used [0x04ba0000, 0x04ba0000, 0x04dd0000)
 tenured generation   total 95400K, used 95252K [0x08f50000, 0x0ec7a000, 0x13a00000)
   the space 95400K,  99% used [0x08f50000, 0x0ec551c0, 0x0ec55200, 0x0ec7a000)
 Metaspace       used 8505K, capacity 9002K, committed 9088K, reserved 9600K
Event: 9.981 GC heap after
Heap after GC invocations=62 (full 2):
 def new generation   total 20288K, used 1757K [0x03a00000, 0x05000000, 0x08f50000)
  eden space 18048K,   0% used [0x03a00000, 0x03a00000, 0x04ba0000)
  from space 2240K,  78% used [0x04ba0000, 0x04d57578, 0x04dd0000)
  to   space 2240K,   0% used [0x04dd0000, 0x04dd0000, 0x05000000)
 tenured generation   total 97000K, used 96872K [0x08f50000, 0x0ee0a000, 0x13a00000)
   the space 97000K,  99% used [0x08f50000, 0x0edea0a0, 0x0edea200, 0x0ee0a000)
 Metaspace       used 8505K, capacity 9002K, committed 9088K, reserved 9600K
}
Event: 11.145 GC heap before
{Heap before GC invocations=62 (full 2):
 def new generation   total 20288K, used 19805K [0x03a00000, 0x05000000, 0x08f50000)
  eden space 18048K, 100% used [0x03a00000, 0x04ba0000, 0x04ba0000)
  from space 2240K,  78% used [0x04ba0000, 0x04d57578, 0x04dd0000)
  to   space 2240K,   0% used [0x04dd0000, 0x04dd0000, 0x05000000)
 tenured generation   total 97000K, used 96872K [0x08f50000, 0x0ee0a000, 0x13a00000)
   the space 97000K,  99% used [0x08f50000, 0x0edea0a0, 0x0edea200, 0x0ee0a000)
 Metaspace       used 8675K, capacity 9183K, committed 9216K, reserved 9600K
Event: 11.249 GC heap after
Heap after GC invocations=63 (full 3):
 def new generation   total 43776K, used 0K [0x03a00000, 0x06970000, 0x08f50000)
  eden space 38976K,   0% used [0x03a00000, 0x03a00000, 0x06010000)
  from space 4800K,   0% used [0x06010000, 0x06010000, 0x064c0000)
  to   space 4800K,   0% used [0x064c0000, 0x064c0000, 0x06970000)
 tenured generation   total 97000K, used 24815K [0x08f50000, 0x0ee0a000, 0x13a00000)
   the space 97000K,  25% used [0x08f50000, 0x0a78bfd8, 0x0a78c000, 0x0ee0a000)
 Metaspace       used 8675K, capacity 9183K, committed 9216K, reserved 9600K
}

Deoptimization events (0 events):
No events

Internal exceptions (10 events):
Event: 2.320 Thread 0x14016000 Exception <a 'java/lang/ArrayIndexOutOfBoundsException'> (0x03d937e0) thrown at [D:\re\workspace\8-2-build-windows-i586-cygwin\jdk8u72\5732\hotspot\src\share\vm\runtime\sharedRuntime.cpp, line 605]
Event: 2.320 Thread 0x14016000 Exception <a 'java/lang/NoSuchMethodError': getName> (0x03da9f78) thrown at [D:\re\workspace\8-2-build-windows-i586-cygwin\jdk8u72\5732\hotspot\src\share\vm\prims\jni.cpp, line 1591]
Event: 2.320 Thread 0x14016000 Exception <a 'java/lang/NoSuchMethodError': getIdentifier> (0x03daa1c0) thrown at [D:\re\workspace\8-2-build-windows-i586-cygwin\jdk8u72\5732\hotspot\src\share\vm\prims\jni.cpp, line 1591]
Event: 5.003 Thread 0x15d09800 Exception <a 'java/lang/NullPointerException'> (0x03a7ba28) thrown at [D:\re\workspace\8-2-build-windows-i586-cygwin\jdk8u72\5732\hotspot\src\share\vm\interpreter\linkResolver.cpp, line 1178]
Event: 5.195 Thread 0x15d32c00 Exception <a 'java/lang/NullPointerException'> (0x03d0ffb0) thrown at [D:\re\workspace\8-2-build-windows-i586-cygwin\jdk8u72\5732\hotspot\src\share\vm\interpreter\linkResolver.cpp, line 1178]
Event: 5.195 Thread 0x15d32c00 Exception <a 'java/lang/NullPointerException'> (0x03d0ffb0) thrown at [D:\re\workspace\8-2-build-windows-i586-cygwin\jdk8u72\5732\hotspot\src\share\vm\prims\jvm.cpp, line 1390]
Event: 6.615 Thread 0x15d32c00 Exception <a 'sun/nio/fs/WindowsException'> (0x03af7b38) thrown at [D:\re\workspace\8-2-build-windows-i586-cygwin\jdk8u72\5732\hotspot\src\share\vm\prims\jni.cpp, line 709]
Event: 6.623 Thread 0x15d32c00 Exception <a 'sun/nio/fs/WindowsException'> (0x03af9230) thrown at [D:\re\workspace\8-2-build-windows-i586-cygwin\jdk8u72\5732\hotspot\src\share\vm\prims\jni.cpp, line 709]
Event: 8.047 Thread 0x15d32800 Implicit null exception at 0x01a7964c to 0x01a7a4a0
Event: 11.270 Thread 0x15f96c00 Exception <a 'java/lang/IllegalStateException'> (0x03bd2cb0) thrown at [D:\re\workspace\8-2-build-windows-i586-cygwin\jdk8u72\5732\hotspot\src\share\vm\prims\jvm.cpp, line 1390]

Events (10 events):
Event: 11.368 Thread 0x15f98400 Thread exited: 0x15f98400
Event: 11.372 Executing VM operation: RevokeBias
Event: 11.372 Executing VM operation: RevokeBias done
Event: 11.372 Thread 0x15f9b000 Thread exited: 0x15f9b000
Event: 11.373 loading class com/sun/javafx/font/directwrite/IDWriteFont
Event: 11.373 loading class com/sun/javafx/font/directwrite/IDWriteFont done
Event: 11.374 loading class com/sun/javafx/font/PrismCompositeFontResource
Event: 11.374 loading class com/sun/javafx/font/PrismCompositeFontResource done
Event: 11.382 Thread 0x15f9a400 Thread exited: 0x15f9a400
Event: 11.417 Thread 0x15d33800 Thread exited: 0x15d33800


Dynamic libraries:
0x00c60000 - 0x00c93000 	C:\Program Files\Java\jre1.8.0_72\bin\javaw.exe
0x77550000 - 0x776ca000 	C:\WINDOWS\SYSTEM32\ntdll.dll
0x76790000 - 0x76825000 	C:\WINDOWS\system32\KERNEL32.DLL
0x74d80000 - 0x74ef7000 	C:\WINDOWS\system32\KERNELBASE.dll
0x6cff0000 - 0x6d21c000 	C:\Program Files\Norton Security\NortonData\22.5.4.24\Definitions\IPSDefs\20160308.002\IPSEng32.dll
0x76db0000 - 0x76e2b000 	C:\WINDOWS\system32\ADVAPI32.dll
0x766c0000 - 0x7677e000 	C:\WINDOWS\system32\msvcrt.dll
0x76ef0000 - 0x76f33000 	C:\WINDOWS\system32\sechost.dll
0x76b30000 - 0x76bf2000 	C:\WINDOWS\system32\RPCRT4.dll
0x764f0000 - 0x76624000 	C:\WINDOWS\system32\USER32.dll
0x773f0000 - 0x77545000 	C:\WINDOWS\system32\GDI32.dll
0x6b000000 - 0x6b209000 	C:\WINDOWS\WinSxS\x86_microsoft.windows.common-controls_6595b64144ccf1df_6.0.10240.16384_none_3bccb1ff6bcd1849\COMCTL32.dll
0x76c10000 - 0x76c3f000 	C:\WINDOWS\system32\IMM32.DLL
0x772c0000 - 0x773e0000 	C:\WINDOWS\system32\MSCTF.dll
0x78200000 - 0x782bf000 	C:\Program Files\Java\jre1.8.0_72\bin\msvcr100.dll
0x6c850000 - 0x6cc18000 	C:\Program Files\Java\jre1.8.0_72\bin\client\jvm.dll
0x773e0000 - 0x773e6000 	C:\WINDOWS\system32\PSAPI.DLL
0x6aa50000 - 0x6aa58000 	C:\WINDOWS\SYSTEM32\WSOCK32.dll
0x769e0000 - 0x76a3c000 	C:\WINDOWS\system32\WS2_32.dll
0x76780000 - 0x76787000 	C:\WINDOWS\system32\NSI.dll
0x72ab0000 - 0x72ad4000 	C:\WINDOWS\SYSTEM32\WINMM.dll
0x73120000 - 0x73128000 	C:\WINDOWS\SYSTEM32\VERSION.dll
0x72a30000 - 0x72a53000 	C:\WINDOWS\SYSTEM32\WINMMBASE.dll
0x74ff0000 - 0x75026000 	C:\WINDOWS\system32\cfgmgr32.dll
0x74410000 - 0x74431000 	C:\WINDOWS\SYSTEM32\DEVOBJ.dll
0x703d0000 - 0x703dc000 	C:\Program Files\Java\jre1.8.0_72\bin\verify.dll
0x6a010000 - 0x6a031000 	C:\Program Files\Java\jre1.8.0_72\bin\java.dll
0x69ff0000 - 0x6a003000 	C:\Program Files\Java\jre1.8.0_72\bin\zip.dll
0x750d0000 - 0x7648e000 	C:\WINDOWS\system32\SHELL32.dll
0x74720000 - 0x74bfc000 	C:\WINDOWS\system32\windows.storage.dll
0x76fa0000 - 0x7715a000 	C:\WINDOWS\system32\combase.dll
0x77160000 - 0x771a4000 	C:\WINDOWS\system32\shlwapi.dll
0x746a0000 - 0x746ac000 	C:\WINDOWS\system32\kernel.appcore.dll
0x76630000 - 0x766bd000 	C:\WINDOWS\system32\shcore.dll
0x746d0000 - 0x74714000 	C:\WINDOWS\system32\powrprof.dll
0x746c0000 - 0x746cf000 	C:\WINDOWS\system32\profapi.dll
0x6c100000 - 0x6c245000 	C:\Program Files\Java\jre1.8.0_72\bin\awt.dll
0x75030000 - 0x750c2000 	C:\WINDOWS\system32\OLEAUT32.dll
0x72f70000 - 0x73001000 	C:\WINDOWS\system32\apphelp.dll
0x73320000 - 0x73399000 	C:\WINDOWS\system32\uxtheme.dll
0x727f0000 - 0x7280d000 	C:\WINDOWS\system32\dwmapi.dll
0x76a40000 - 0x76b2a000 	C:\WINDOWS\system32\ole32.dll
0x74520000 - 0x74579000 	C:\WINDOWS\SYSTEM32\bcryptPrimitives.dll
0x73dd0000 - 0x73de3000 	C:\WINDOWS\SYSTEM32\CRYPTSP.dll
0x74600000 - 0x7461d000 	C:\WINDOWS\SYSTEM32\bcrypt.dll
0x73ab0000 - 0x73adf000 	C:\WINDOWS\system32\rsaenh.dll
0x73ba0000 - 0x73bb9000 	C:\WINDOWS\SYSTEM32\USERENV.dll
0x73f20000 - 0x73f2a000 	C:\WINDOWS\SYSTEM32\CRYPTBASE.dll
0x69fd0000 - 0x69fe6000 	C:\Program Files\Java\jre1.8.0_72\bin\net.dll
0x73d60000 - 0x73db0000 	C:\WINDOWS\system32\mswsock.dll
0x70ba0000 - 0x70bd0000 	C:\WINDOWS\SYSTEM32\IPHLPAPI.DLL
0x70b90000 - 0x70b98000 	C:\WINDOWS\SYSTEM32\WINNSI.DLL
0x70600000 - 0x70613000 	C:\WINDOWS\SYSTEM32\dhcpcsvc6.DLL
0x705e0000 - 0x705f4000 	C:\WINDOWS\SYSTEM32\dhcpcsvc.DLL
0x704a0000 - 0x704af000 	C:\Program Files\Java\jre1.8.0_72\bin\nio.dll
0x5a5b0000 - 0x5a5d8000 	C:\Users\Cameron\AppData\Local\Temp\BridJExtractedLibraries72276824389110342\bridj.dll
0x527c0000 - 0x527ee000 	C:\Users\Cameron\AppData\Local\Temp\BridJExtractedLibraries72276824389110342\OpenIMAJGrabber.dll
0x52b40000 - 0x52b59000 	C:\WINDOWS\SYSTEM32\OLEPRO32.DLL
0x771b0000 - 0x77232000 	C:\WINDOWS\system32\clbcatq.dll
0x527a0000 - 0x527b5000 	C:\Windows\System32\devenum.dll
0x76830000 - 0x769d5000 	C:\WINDOWS\system32\setupapi.dll
0x73950000 - 0x73978000 	C:\WINDOWS\SYSTEM32\ntmarta.dll
0x74f00000 - 0x74f42000 	C:\WINDOWS\system32\WINTRUST.dll
0x746b0000 - 0x746be000 	C:\WINDOWS\system32\MSASN1.dll
0x74c00000 - 0x74d75000 	C:\WINDOWS\system32\CRYPT32.dll
0x5ac80000 - 0x5ac89000 	C:\WINDOWS\SYSTEM32\msdmo.dll
0x6cde0000 - 0x6ce19000 	C:\Program Files\Java\jre1.8.0_72\bin\fontmanager.dll
0x77780000 - 0x777b0000 	C:\Program Files\Java\jre1.8.0_72\bin\t2k.dll
0x56200000 - 0x56292000 	C:\WINDOWS\WinSxS\x86_microsoft.windows.common-controls_6595b64144ccf1df_5.82.10240.16384_none_49c02355cf03478c\comctl32.dll
0x72830000 - 0x72972000 	C:\WINDOWS\SYSTEM32\PROPSYS.dll
0x64ed0000 - 0x650d7000 	C:\Windows\System32\ActXPrxy.dll
0x16010000 - 0x161af000 	C:\WINDOWS\system32\NetworkExplorer.dll
0x690f0000 - 0x6910f000 	C:\WINDOWS\System32\IDStore.dll
0x729e0000 - 0x729f3000 	C:\WINDOWS\System32\SAMLIB.dll
0x5bea0000 - 0x5bf14000 	C:\WINDOWS\System32\wlidprov.dll
0x73890000 - 0x738a7000 	C:\WINDOWS\SYSTEM32\MPR.dll
0x59a70000 - 0x59a79000 	C:\WINDOWS\System32\drprov.dll
0x74350000 - 0x74394000 	C:\WINDOWS\System32\WINSTA.dll
0x52780000 - 0x52792000 	C:\WINDOWS\System32\ntlanman.dll
0x70460000 - 0x7047a000 	C:\WINDOWS\System32\davclnt.dll
0x70180000 - 0x7018b000 	C:\WINDOWS\System32\DAVHLPR.dll
0x74090000 - 0x740a0000 	C:\WINDOWS\System32\wkscli.dll
0x668b0000 - 0x668bf000 	C:\WINDOWS\SYSTEM32\cscapi.dll
0x739a0000 - 0x739aa000 	C:\WINDOWS\System32\netutils.dll
0x6aae0000 - 0x6ac4b000 	C:\WINDOWS\WinSxS\x86_microsoft.windows.gdiplus_6595b64144ccf1df_1.1.10240.16603_none_d15a3826af6dca5f\gdiplus.dll
0x67650000 - 0x676d5000 	C:\Program Files\Norton Security\Engine\22.5.5.15\MSVCP110.dll
0x67490000 - 0x67566000 	C:\Program Files\Norton Security\Engine\22.5.5.15\MSVCR110.dll
0x670f0000 - 0x6719e000 	C:\Program Files\Norton Security\Engine\22.5.5.15\ccLib.dll
0x66720000 - 0x66739000 	C:\Program Files\Norton Security\Engine\22.5.5.15\ccVrTrst.dll
0x66600000 - 0x6661a000 	C:\Program Files\Norton Security\Engine\22.5.5.15\EFACli.dll
0x66210000 - 0x6623c000 	C:\Program Files\Norton Security\Engine\22.5.5.15\ccIPC.dll
0x56380000 - 0x563ef000 	C:\Windows\System32\dlnashext.dll
0x16e70000 - 0x16ec5000 	C:\Windows\System32\PlayToDevice.dll
0x700a0000 - 0x700ba000 	C:\Windows\System32\DevDispItemProvider.dll
0x6f420000 - 0x6f474000 	C:\WINDOWS\System32\MMDevApi.dll
0x70fc0000 - 0x71043000 	C:\Windows\System32\PortableDeviceApi.dll
0x6db40000 - 0x6db67000 	C:\Windows\System32\PortableDeviceTypes.dll
0x16f40000 - 0x16f60000 	C:\Windows\System32\EhStorAPI.dll
0x73240000 - 0x7324f000 	C:\Windows\System32\WTSAPI32.dll
0x5a150000 - 0x5a15b000 	C:\WINDOWS\SYSTEM32\LINKINFO.dll
0x733c0000 - 0x7347c000 	C:\Windows\System32\twinapi.appcore.dll
0x174e0000 - 0x175ce000 	C:\Program Files\Java\jre1.8.0_72\bin\msvcr120.dll
0x175d0000 - 0x17641000 	C:\Program Files\Java\jre1.8.0_72\bin\msvcp120.dll
0x6f310000 - 0x6f32f000 	C:\Program Files\Java\jre1.8.0_72\bin\prism_d3d.dll
0x176a0000 - 0x1786c000 	C:\WINDOWS\system32\d3d9.dll
0x18280000 - 0x182b3000 	C:\Program Files\Java\jre1.8.0_72\bin\glass.dll
0x76e30000 - 0x76eee000 	C:\WINDOWS\system32\COMDLG32.dll
0x1c060000 - 0x1c09a000 	C:\Windows\System32\qcap.dll
0x1ba70000 - 0x1ba93000 	C:\Windows\System32\MSVFW32.dll
0x34870000 - 0x34a1c000 	C:\Windows\System32\quartz.dll
0x60440000 - 0x6047d000 	C:\Windows\System32\ksproxy.ax
0x6e610000 - 0x6e617000 	C:\Windows\System32\ksuser.dll
0x70c70000 - 0x70c9f000 	C:\WINDOWS\SYSTEM32\policymanager.dll
0x709c0000 - 0x70a25000 	C:\Windows\System32\msvcp110_win.dll
0x70990000 - 0x709bd000 	C:\Windows\System32\XmlLite.dll
0x55ff0000 - 0x55ffc000 	C:\Windows\System32\vidcap.ax
0x74580000 - 0x745a0000 	C:\Windows\System32\kswdmcap.ax
0x19e80000 - 0x19faf000 	C:\Windows\System32\MFC42.dll
0x19fb0000 - 0x1a049000 	C:\Windows\System32\ODBC32.dll
0x73db0000 - 0x73db8000 	C:\Windows\System32\DPAPI.dll
0x1a060000 - 0x1a550000 	C:\WINDOWS\system32\IntelCameraPlugin.dll
0x5bdb0000 - 0x5be91000 	C:\WINDOWS\system32\MFPlat.DLL
0x64260000 - 0x64284000 	C:\WINDOWS\system32\RTWorkQ.DLL
0x6e600000 - 0x6e609000 	C:\WINDOWS\system32\AVRT.dll
0x1c0a0000 - 0x1e106000 	C:\Program Files\Java\jre1.8.0_72\bin\jfxwebkit.dll
0x1b9b0000 - 0x1ba41000 	C:\Windows\System32\qedit.dll
0x65870000 - 0x6595b000 	C:\Windows\System32\DDRAW.dll
0x6bdf0000 - 0x6bdf7000 	C:\Windows\System32\DCIMAN32.dll

VM Arguments:
jvm_args: -Dfile.encoding=Cp1252 
java_command: tk.atherismotorsports.Start
java_class_path (initial): C:\Users\Cameron\OneDrive\workspace\Atheris Interface\bin;C:\Users\Cameron\OneDrive\workspace\Atheris Interface\res;C:\Users\Cameron\OneDrive\workspace\Atheris Interface\lib\jl1.0.1.jar;C:\Users\Cameron\OneDrive\workspace\Atheris Interface\lib\mp3agic.jar;C:\Users\Cameron\OneDrive\workspace\Atheris Interface\lib\AmazonUtils.jar;C:\Users\Cameron\OneDrive\workspace\Atheris Interface\lib\jxbrowser-6.1.1.jar;C:\Users\Cameron\OneDrive\workspace\Atheris Interface\lib\jxbrowser-win-6.1.1.jar;C:\Users\Cameron\OneDrive\workspace\Atheris Interface\lib\license.jar;C:\Users\Cameron\OneDrive\workspace\Atheris Interface\lib\webcam-capture-0.3.10.jar;C:\Users\Cameron\OneDrive\workspace\Atheris Interface\lib\bridj-0.6.2.jar;C:\Users\Cameron\OneDrive\workspace\Atheris Interface\lib\slf4j-api-1.7.2.jar
Launcher Type: SUN_STANDARD

Environment Variables:
JAVA_HOME=C:\Program Files\Java\jdk1.8.0_66
PATH=C:/Program Files/Java/jre1.8.0_72/bin/client;C:/Program Files/Java/jre1.8.0_72/bin;C:/Program Files/Java/jre1.8.0_72/lib/i386;C:\ProgramData\Oracle\Java\javapath;C:\WINDOWS\system32;C:\WINDOWS;C:\WINDOWS\System32\Wbem;C:\WINDOWS\System32\WindowsPowerShell\v1.0\;C:\Program Files\Skype\Phone\;C:\ProgramData\Oracle\Java\javapath;C:\WINDOWS\system32;C:\WINDOWS;C:\WINDOWS\System32\Wbem;C:\WINDOWS\System32\WindowsPowerShell\v1.0\;C:\Users\Cameron\OneDrive\eclipse;
USERNAME=Cameron
OS=Windows_NT
PROCESSOR_IDENTIFIER=x86 Family 6 Model 55 Stepping 8, GenuineIntel



---------------  S Y S T E M  ---------------

OS: Windows 10.0 Build 10240 (10.0.10240.16384)

CPU:total 4 (4 cores per cpu, 1 threads per core) family 6 model 55 stepping 8, cmov, cx8, fxsr, mmx, sse, sse2, sse3, ssse3, sse4.1, sse4.2, popcnt, aes, clmul, erms, 3dnowpref, tsc, tscinvbit

Memory: 4k page, physical 2030020k(451968k free), swap 3144132k(531236k free)

vm_info: Java HotSpot(TM) Client VM (25.72-b15) for windows-x86 JRE (1.8.0_72-b15), built on Dec 22 2015 18:45:53 by "java_re" with MS VC++ 10.0 (VS2010)

time: Tue Mar 08 19:55:31 2016
elapsed time: 11 seconds (0d 0h 0m 11s)

